{"/Users/okjinshinh/Desktop/test/again/frontend/etf/src/App.jsx": {"path":"/Users/okjinshinh/Desktop/test/again/frontend/etf/src/App.jsx","statementMap":{"0":{"start":{"line":13,"column":21},"end":{"line":13,"column":44}},"1":{"start":{"line":16,"column":26},"end":{"line":16,"column":40}},"2":{"start":{"line":17,"column":32},"end":{"line":17,"column":46}},"3":{"start":{"line":20,"column":2},"end":{"line":22,"column":8}},"4":{"start":{"line":21,"column":4},"end":{"line":21,"column":15}},"5":{"start":{"line":24,"column":20},"end":{"line":62,"column":3}},"6":{"start":{"line":25,"column":4},"end":{"line":60,"column":5}},"7":{"start":{"line":26,"column":6},"end":{"line":59,"column":7}},"8":{"start":{"line":27,"column":25},"end":{"line":31,"column":10}},"9":{"start":{"line":33,"column":8},"end":{"line":55,"column":9}},"10":{"start":{"line":34,"column":27},"end":{"line":34,"column":48}},"11":{"start":{"line":35,"column":10},"end":{"line":35,"column":28}},"12":{"start":{"line":36,"column":15},"end":{"line":55,"column":9}},"13":{"start":{"line":38,"column":27},"end":{"line":38,"column":59}},"14":{"start":{"line":39,"column":10},"end":{"line":54,"column":11}},"15":{"start":{"line":41,"column":34},"end":{"line":45,"column":14}},"16":{"start":{"line":46,"column":12},"end":{"line":51,"column":13}},"17":{"start":{"line":47,"column":31},"end":{"line":47,"column":57}},"18":{"start":{"line":48,"column":14},"end":{"line":48,"column":32}},"19":{"start":{"line":50,"column":14},"end":{"line":50,"column":35}},"20":{"start":{"line":53,"column":12},"end":{"line":53,"column":33}},"21":{"start":{"line":57,"column":8},"end":{"line":57,"column":57}},"22":{"start":{"line":58,"column":8},"end":{"line":58,"column":29}},"23":{"start":{"line":61,"column":4},"end":{"line":61,"column":22}},"24":{"start":{"line":64,"column":22},"end":{"line":85,"column":3}},"25":{"start":{"line":65,"column":4},"end":{"line":65,"column":45}},"26":{"start":{"line":67,"column":4},"end":{"line":84,"column":5}},"27":{"start":{"line":68,"column":23},"end":{"line":72,"column":8}},"28":{"start":{"line":74,"column":6},"end":{"line":80,"column":7}},"29":{"start":{"line":75,"column":33},"end":{"line":75,"column":54}},"30":{"start":{"line":76,"column":8},"end":{"line":76,"column":73}},"31":{"start":{"line":77,"column":8},"end":{"line":77,"column":34}},"32":{"start":{"line":79,"column":8},"end":{"line":79,"column":26}},"33":{"start":{"line":82,"column":6},"end":{"line":82,"column":76}},"34":{"start":{"line":83,"column":6},"end":{"line":83,"column":24}},"35":{"start":{"line":87,"column":23},"end":{"line":90,"column":3}},"36":{"start":{"line":88,"column":4},"end":{"line":88,"column":31}},"37":{"start":{"line":89,"column":4},"end":{"line":89,"column":18}},"38":{"start":{"line":92,"column":2},"end":{"line":100,"column":3}},"39":{"start":{"line":93,"column":4},"end":{"line":99,"column":5}},"40":{"start":{"line":102,"column":2},"end":{"line":104,"column":3}},"41":{"start":{"line":103,"column":4},"end":{"line":103,"column":42}},"42":{"start":{"line":106,"column":2},"end":{"line":125,"column":3}}},"fnMap":{"0":{"name":"App","decl":{"start":{"line":15,"column":9},"end":{"line":15,"column":12}},"loc":{"start":{"line":15,"column":15},"end":{"line":126,"column":1}},"line":15},"1":{"name":"(anonymous_1)","decl":{"start":{"line":20,"column":12},"end":{"line":20,"column":13}},"loc":{"start":{"line":20,"column":18},"end":{"line":22,"column":3}},"line":20},"2":{"name":"(anonymous_2)","decl":{"start":{"line":24,"column":20},"end":{"line":24,"column":21}},"loc":{"start":{"line":24,"column":32},"end":{"line":62,"column":3}},"line":24},"3":{"name":"(anonymous_3)","decl":{"start":{"line":64,"column":22},"end":{"line":64,"column":23}},"loc":{"start":{"line":64,"column":42},"end":{"line":85,"column":3}},"line":64},"4":{"name":"(anonymous_4)","decl":{"start":{"line":87,"column":23},"end":{"line":87,"column":24}},"loc":{"start":{"line":87,"column":35},"end":{"line":90,"column":3}},"line":87}},"branchMap":{"0":{"loc":{"start":{"line":25,"column":4},"end":{"line":60,"column":5}},"type":"if","locations":[{"start":{"line":25,"column":4},"end":{"line":60,"column":5}},{"start":{},"end":{}}],"line":25},"1":{"loc":{"start":{"line":33,"column":8},"end":{"line":55,"column":9}},"type":"if","locations":[{"start":{"line":33,"column":8},"end":{"line":55,"column":9}},{"start":{"line":36,"column":15},"end":{"line":55,"column":9}}],"line":33},"2":{"loc":{"start":{"line":36,"column":15},"end":{"line":55,"column":9}},"type":"if","locations":[{"start":{"line":36,"column":15},"end":{"line":55,"column":9}},{"start":{},"end":{}}],"line":36},"3":{"loc":{"start":{"line":39,"column":10},"end":{"line":54,"column":11}},"type":"if","locations":[{"start":{"line":39,"column":10},"end":{"line":54,"column":11}},{"start":{"line":52,"column":17},"end":{"line":54,"column":11}}],"line":39},"4":{"loc":{"start":{"line":46,"column":12},"end":{"line":51,"column":13}},"type":"if","locations":[{"start":{"line":46,"column":12},"end":{"line":51,"column":13}},{"start":{"line":49,"column":19},"end":{"line":51,"column":13}}],"line":46},"5":{"loc":{"start":{"line":74,"column":6},"end":{"line":80,"column":7}},"type":"if","locations":[{"start":{"line":74,"column":6},"end":{"line":80,"column":7}},{"start":{"line":78,"column":13},"end":{"line":80,"column":7}}],"line":74},"6":{"loc":{"start":{"line":92,"column":2},"end":{"line":100,"column":3}},"type":"if","locations":[{"start":{"line":92,"column":2},"end":{"line":100,"column":3}},{"start":{},"end":{}}],"line":92},"7":{"loc":{"start":{"line":102,"column":2},"end":{"line":104,"column":3}},"type":"if","locations":[{"start":{"line":102,"column":2},"end":{"line":104,"column":3}},{"start":{},"end":{}}],"line":102},"8":{"loc":{"start":{"line":117,"column":13},"end":{"line":119,"column":13}},"type":"binary-expr","locations":[{"start":{"line":117,"column":13},"end":{"line":117,"column":34}},{"start":{"line":118,"column":14},"end":{"line":118,"column":66}}],"line":117}},"s":{"0":1,"1":4,"2":4,"3":4,"4":2,"5":4,"6":2,"7":0,"8":0,"9":0,"10":0,"11":0,"12":0,"13":0,"14":0,"15":0,"16":0,"17":0,"18":0,"19":0,"20":0,"21":0,"22":0,"23":2,"24":4,"25":0,"26":0,"27":0,"28":0,"29":0,"30":0,"31":0,"32":0,"33":0,"34":0,"35":4,"36":0,"37":0,"38":4,"39":2,"40":2,"41":2,"42":0},"f":{"0":4,"1":2,"2":2,"3":0,"4":0},"b":{"0":[0,2],"1":[0,0],"2":[0,0],"3":[0,0],"4":[0,0],"5":[0,0],"6":[2,2],"7":[2,0],"8":[0,0]},"_coverageSchema":"1a1c01bbd47fc00a2c39e90264f33305004495a9","hash":"19e316b728e11743be3ad3d159833b81d823859d"}
,"/Users/okjinshinh/Desktop/test/again/frontend/etf/src/components/EtfList.jsx": {"path":"/Users/okjinshinh/Desktop/test/again/frontend/etf/src/components/EtfList.jsx","statementMap":{"0":{"start":{"line":6,"column":16},"end":{"line":173,"column":1}},"1":{"start":{"line":7,"column":26},"end":{"line":7,"column":38}},"2":{"start":{"line":8,"column":32},"end":{"line":8,"column":46}},"3":{"start":{"line":9,"column":38},"end":{"line":9,"column":50}},"4":{"start":{"line":10,"column":30},"end":{"line":10,"column":48}},"5":{"start":{"line":11,"column":36},"end":{"line":11,"column":51}},"6":{"start":{"line":12,"column":38},"end":{"line":12,"column":52}},"7":{"start":{"line":13,"column":34},"end":{"line":13,"column":123}},"8":{"start":{"line":15,"column":2},"end":{"line":17,"column":26}},"9":{"start":{"line":16,"column":4},"end":{"line":16,"column":15}},"10":{"start":{"line":25,"column":20},"end":{"line":51,"column":3}},"11":{"start":{"line":26,"column":4},"end":{"line":50,"column":5}},"12":{"start":{"line":27,"column":21},"end":{"line":27,"column":42}},"13":{"start":{"line":30,"column":6},"end":{"line":30,"column":57}},"14":{"start":{"line":30,"column":22},"end":{"line":30,"column":57}},"15":{"start":{"line":31,"column":6},"end":{"line":31,"column":49}},"16":{"start":{"line":31,"column":18},"end":{"line":31,"column":49}},"17":{"start":{"line":33,"column":23},"end":{"line":37,"column":8}},"18":{"start":{"line":39,"column":6},"end":{"line":45,"column":7}},"19":{"start":{"line":40,"column":21},"end":{"line":40,"column":42}},"20":{"start":{"line":41,"column":8},"end":{"line":41,"column":21}},"21":{"start":{"line":42,"column":13},"end":{"line":45,"column":7}},"22":{"start":{"line":43,"column":8},"end":{"line":43,"column":28}},"23":{"start":{"line":44,"column":8},"end":{"line":44,"column":32}},"24":{"start":{"line":47,"column":6},"end":{"line":47,"column":51}},"25":{"start":{"line":49,"column":6},"end":{"line":49,"column":23}},"26":{"start":{"line":57,"column":23},"end":{"line":87,"column":3}},"27":{"start":{"line":58,"column":4},"end":{"line":58,"column":22}},"28":{"start":{"line":59,"column":4},"end":{"line":86,"column":5}},"29":{"start":{"line":60,"column":18},"end":{"line":60,"column":73}},"30":{"start":{"line":61,"column":21},"end":{"line":61,"column":48}},"31":{"start":{"line":63,"column":23},"end":{"line":73,"column":8}},"32":{"start":{"line":75,"column":6},"end":{"line":83,"column":7}},"33":{"start":{"line":76,"column":8},"end":{"line":76,"column":27}},"34":{"start":{"line":77,"column":8},"end":{"line":77,"column":27}},"35":{"start":{"line":78,"column":8},"end":{"line":78,"column":19}},"36":{"start":{"line":79,"column":8},"end":{"line":79,"column":19}},"37":{"start":{"line":80,"column":13},"end":{"line":83,"column":7}},"38":{"start":{"line":81,"column":8},"end":{"line":81,"column":28}},"39":{"start":{"line":82,"column":8},"end":{"line":82,"column":32}},"40":{"start":{"line":85,"column":6},"end":{"line":85,"column":49}},"41":{"start":{"line":90,"column":21},"end":{"line":100,"column":3}},"42":{"start":{"line":91,"column":4},"end":{"line":91,"column":22}},"43":{"start":{"line":92,"column":4},"end":{"line":98,"column":6}},"44":{"start":{"line":99,"column":4},"end":{"line":99,"column":22}},"45":{"start":{"line":102,"column":23},"end":{"line":122,"column":3}},"46":{"start":{"line":103,"column":4},"end":{"line":121,"column":5}},"47":{"start":{"line":104,"column":6},"end":{"line":120,"column":7}},"48":{"start":{"line":105,"column":25},"end":{"line":110,"column":10}},"49":{"start":{"line":112,"column":8},"end":{"line":117,"column":9}},"50":{"start":{"line":113,"column":10},"end":{"line":113,"column":21}},"51":{"start":{"line":114,"column":15},"end":{"line":117,"column":9}},"52":{"start":{"line":115,"column":10},"end":{"line":115,"column":30}},"53":{"start":{"line":116,"column":10},"end":{"line":116,"column":34}},"54":{"start":{"line":119,"column":8},"end":{"line":119,"column":53}},"55":{"start":{"line":125,"column":20},"end":{"line":133,"column":3}},"56":{"start":{"line":126,"column":4},"end":{"line":132,"column":6}},"57":{"start":{"line":135,"column":21},"end":{"line":137,"column":3}},"58":{"start":{"line":136,"column":4},"end":{"line":136,"column":58}},"59":{"start":{"line":139,"column":23},"end":{"line":143,"column":3}},"60":{"start":{"line":140,"column":4},"end":{"line":140,"column":23}},"61":{"start":{"line":141,"column":4},"end":{"line":141,"column":15}},"62":{"start":{"line":142,"column":4},"end":{"line":142,"column":22}},"63":{"start":{"line":145,"column":2},"end":{"line":147,"column":3}},"64":{"start":{"line":146,"column":4},"end":{"line":146,"column":56}},"65":{"start":{"line":149,"column":2},"end":{"line":172,"column":3}}},"fnMap":{"0":{"name":"(anonymous_0)","decl":{"start":{"line":6,"column":16},"end":{"line":6,"column":17}},"loc":{"start":{"line":6,"column":30},"end":{"line":173,"column":1}},"line":6},"1":{"name":"(anonymous_1)","decl":{"start":{"line":15,"column":12},"end":{"line":15,"column":13}},"loc":{"start":{"line":15,"column":18},"end":{"line":17,"column":3}},"line":15},"2":{"name":"(anonymous_2)","decl":{"start":{"line":25,"column":20},"end":{"line":25,"column":21}},"loc":{"start":{"line":25,"column":32},"end":{"line":51,"column":3}},"line":25},"3":{"name":"(anonymous_3)","decl":{"start":{"line":57,"column":23},"end":{"line":57,"column":24}},"loc":{"start":{"line":57,"column":36},"end":{"line":87,"column":3}},"line":57},"4":{"name":"(anonymous_4)","decl":{"start":{"line":90,"column":21},"end":{"line":90,"column":22}},"loc":{"start":{"line":90,"column":30},"end":{"line":100,"column":3}},"line":90},"5":{"name":"(anonymous_5)","decl":{"start":{"line":102,"column":23},"end":{"line":102,"column":24}},"loc":{"start":{"line":102,"column":37},"end":{"line":122,"column":3}},"line":102},"6":{"name":"(anonymous_6)","decl":{"start":{"line":125,"column":20},"end":{"line":125,"column":21}},"loc":{"start":{"line":125,"column":26},"end":{"line":133,"column":3}},"line":125},"7":{"name":"(anonymous_7)","decl":{"start":{"line":135,"column":21},"end":{"line":135,"column":22}},"loc":{"start":{"line":135,"column":30},"end":{"line":137,"column":3}},"line":135},"8":{"name":"(anonymous_8)","decl":{"start":{"line":139,"column":23},"end":{"line":139,"column":24}},"loc":{"start":{"line":139,"column":29},"end":{"line":143,"column":3}},"line":139}},"branchMap":{"0":{"loc":{"start":{"line":30,"column":6},"end":{"line":30,"column":57}},"type":"if","locations":[{"start":{"line":30,"column":6},"end":{"line":30,"column":57}},{"start":{},"end":{}}],"line":30},"1":{"loc":{"start":{"line":31,"column":6},"end":{"line":31,"column":49}},"type":"if","locations":[{"start":{"line":31,"column":6},"end":{"line":31,"column":49}},{"start":{},"end":{}}],"line":31},"2":{"loc":{"start":{"line":39,"column":6},"end":{"line":45,"column":7}},"type":"if","locations":[{"start":{"line":39,"column":6},"end":{"line":45,"column":7}},{"start":{"line":42,"column":13},"end":{"line":45,"column":7}}],"line":39},"3":{"loc":{"start":{"line":42,"column":13},"end":{"line":45,"column":7}},"type":"if","locations":[{"start":{"line":42,"column":13},"end":{"line":45,"column":7}},{"start":{},"end":{}}],"line":42},"4":{"loc":{"start":{"line":60,"column":18},"end":{"line":60,"column":73}},"type":"cond-expr","locations":[{"start":{"line":60,"column":31},"end":{"line":60,"column":59}},{"start":{"line":60,"column":62},"end":{"line":60,"column":73}}],"line":60},"5":{"loc":{"start":{"line":61,"column":21},"end":{"line":61,"column":48}},"type":"cond-expr","locations":[{"start":{"line":61,"column":34},"end":{"line":61,"column":39}},{"start":{"line":61,"column":42},"end":{"line":61,"column":48}}],"line":61},"6":{"loc":{"start":{"line":75,"column":6},"end":{"line":83,"column":7}},"type":"if","locations":[{"start":{"line":75,"column":6},"end":{"line":83,"column":7}},{"start":{"line":80,"column":13},"end":{"line":83,"column":7}}],"line":75},"7":{"loc":{"start":{"line":80,"column":13},"end":{"line":83,"column":7}},"type":"if","locations":[{"start":{"line":80,"column":13},"end":{"line":83,"column":7}},{"start":{},"end":{}}],"line":80},"8":{"loc":{"start":{"line":103,"column":4},"end":{"line":121,"column":5}},"type":"if","locations":[{"start":{"line":103,"column":4},"end":{"line":121,"column":5}},{"start":{},"end":{}}],"line":103},"9":{"loc":{"start":{"line":112,"column":8},"end":{"line":117,"column":9}},"type":"if","locations":[{"start":{"line":112,"column":8},"end":{"line":117,"column":9}},{"start":{"line":114,"column":15},"end":{"line":117,"column":9}}],"line":112},"10":{"loc":{"start":{"line":114,"column":15},"end":{"line":117,"column":9}},"type":"if","locations":[{"start":{"line":114,"column":15},"end":{"line":117,"column":9}},{"start":{},"end":{}}],"line":114},"11":{"loc":{"start":{"line":136,"column":11},"end":{"line":136,"column":58}},"type":"binary-expr","locations":[{"start":{"line":136,"column":11},"end":{"line":136,"column":32}},{"start":{"line":136,"column":36},"end":{"line":136,"column":58}}],"line":136},"12":{"loc":{"start":{"line":145,"column":2},"end":{"line":147,"column":3}},"type":"if","locations":[{"start":{"line":145,"column":2},"end":{"line":147,"column":3}},{"start":{},"end":{}}],"line":145}},"s":{"0":2,"1":18,"2":18,"3":18,"4":18,"5":18,"6":18,"7":18,"8":18,"9":9,"10":18,"11":9,"12":9,"13":9,"14":1,"15":9,"16":9,"17":9,"18":8,"19":8,"20":8,"21":0,"22":0,"23":0,"24":1,"25":9,"26":18,"27":0,"28":0,"29":0,"30":0,"31":0,"32":0,"33":0,"34":0,"35":0,"36":0,"37":0,"38":0,"39":0,"40":0,"41":18,"42":0,"43":0,"44":0,"45":18,"46":0,"47":0,"48":0,"49":0,"50":0,"51":0,"52":0,"53":0,"54":0,"55":18,"56":1,"57":18,"58":17,"59":18,"60":1,"61":1,"62":1,"63":18,"64":8,"65":10},"f":{"0":18,"1":9,"2":9,"3":0,"4":0,"5":0,"6":1,"7":17,"8":1},"b":{"0":[1,8],"1":[9,0],"2":[8,0],"3":[0,0],"4":[0,0],"5":[0,0],"6":[0,0],"7":[0,0],"8":[0,0],"9":[0,0],"10":[0,0],"11":[17,15],"12":[8,10]},"_coverageSchema":"1a1c01bbd47fc00a2c39e90264f33305004495a9","hash":"bf98024673da9670b811ba5830b02b5a2ad2b524"}
,"/Users/okjinshinh/Desktop/test/again/frontend/etf/src/components/EtfModal.jsx": {"path":"/Users/okjinshinh/Desktop/test/again/frontend/etf/src/components/EtfModal.jsx","statementMap":{"0":{"start":{"line":1,"column":17},"end":{"line":50,"column":1}},"1":{"start":{"line":3,"column":2},"end":{"line":3,"column":29}},"2":{"start":{"line":3,"column":18},"end":{"line":3,"column":29}},"3":{"start":{"line":5,"column":2},"end":{"line":49,"column":3}},"4":{"start":{"line":14,"column":73},"end":{"line":14,"column":92}},"5":{"start":{"line":20,"column":115},"end":{"line":20,"column":165}},"6":{"start":{"line":24,"column":125},"end":{"line":24,"column":180}},"7":{"start":{"line":28,"column":123},"end":{"line":28,"column":177}},"8":{"start":{"line":32,"column":151},"end":{"line":32,"column":207}},"9":{"start":{"line":35,"column":129},"end":{"line":35,"column":183}},"10":{"start":{"line":40,"column":83},"end":{"line":40,"column":102}}},"fnMap":{"0":{"name":"(anonymous_0)","decl":{"start":{"line":1,"column":17},"end":{"line":1,"column":18}},"loc":{"start":{"line":2,"column":6},"end":{"line":50,"column":1}},"line":2},"1":{"name":"(anonymous_1)","decl":{"start":{"line":14,"column":67},"end":{"line":14,"column":68}},"loc":{"start":{"line":14,"column":73},"end":{"line":14,"column":92}},"line":14},"2":{"name":"(anonymous_2)","decl":{"start":{"line":20,"column":108},"end":{"line":20,"column":109}},"loc":{"start":{"line":20,"column":115},"end":{"line":20,"column":165}},"line":20},"3":{"name":"(anonymous_3)","decl":{"start":{"line":24,"column":118},"end":{"line":24,"column":119}},"loc":{"start":{"line":24,"column":125},"end":{"line":24,"column":180}},"line":24},"4":{"name":"(anonymous_4)","decl":{"start":{"line":28,"column":116},"end":{"line":28,"column":117}},"loc":{"start":{"line":28,"column":123},"end":{"line":28,"column":177}},"line":28},"5":{"name":"(anonymous_5)","decl":{"start":{"line":32,"column":144},"end":{"line":32,"column":145}},"loc":{"start":{"line":32,"column":151},"end":{"line":32,"column":207}},"line":32},"6":{"name":"(anonymous_6)","decl":{"start":{"line":35,"column":122},"end":{"line":35,"column":123}},"loc":{"start":{"line":35,"column":129},"end":{"line":35,"column":183}},"line":35},"7":{"name":"(anonymous_7)","decl":{"start":{"line":40,"column":77},"end":{"line":40,"column":78}},"loc":{"start":{"line":40,"column":83},"end":{"line":40,"column":102}},"line":40}},"branchMap":{"0":{"loc":{"start":{"line":3,"column":2},"end":{"line":3,"column":29}},"type":"if","locations":[{"start":{"line":3,"column":2},"end":{"line":3,"column":29}},{"start":{},"end":{}}],"line":3},"1":{"loc":{"start":{"line":12,"column":17},"end":{"line":12,"column":56}},"type":"cond-expr","locations":[{"start":{"line":12,"column":30},"end":{"line":12,"column":40}},{"start":{"line":12,"column":43},"end":{"line":12,"column":56}}],"line":12},"2":{"loc":{"start":{"line":41,"column":67},"end":{"line":41,"column":99}},"type":"cond-expr","locations":[{"start":{"line":41,"column":80},"end":{"line":41,"column":88}},{"start":{"line":41,"column":91},"end":{"line":41,"column":99}}],"line":41}},"s":{"0":3,"1":17,"2":10,"3":7,"4":0,"5":1,"6":0,"7":0,"8":0,"9":1,"10":1},"f":{"0":17,"1":0,"2":1,"3":0,"4":0,"5":0,"6":1,"7":1},"b":{"0":[10,7],"1":[1,6],"2":[1,6]},"_coverageSchema":"1a1c01bbd47fc00a2c39e90264f33305004495a9","hash":"52e6a334891029501ff0fb7c4438a9511db89e54"}
,"/Users/okjinshinh/Desktop/test/again/frontend/etf/src/components/EtfTable.jsx": {"path":"/Users/okjinshinh/Desktop/test/again/frontend/etf/src/components/EtfTable.jsx","statementMap":{"0":{"start":{"line":1,"column":17},"end":{"line":61,"column":1}},"1":{"start":{"line":3,"column":2},"end":{"line":60,"column":3}},"2":{"start":{"line":12,"column":119},"end":{"line":12,"column":148}},"3":{"start":{"line":15,"column":74},"end":{"line":15,"column":99}},"4":{"start":{"line":36,"column":14},"end":{"line":54,"column":19}},"5":{"start":{"line":49,"column":93},"end":{"line":49,"column":108}},"6":{"start":{"line":50,"column":87},"end":{"line":50,"column":107}}},"fnMap":{"0":{"name":"(anonymous_0)","decl":{"start":{"line":1,"column":17},"end":{"line":1,"column":18}},"loc":{"start":{"line":2,"column":6},"end":{"line":61,"column":1}},"line":2},"1":{"name":"(anonymous_1)","decl":{"start":{"line":12,"column":112},"end":{"line":12,"column":113}},"loc":{"start":{"line":12,"column":119},"end":{"line":12,"column":148}},"line":12},"2":{"name":"(anonymous_2)","decl":{"start":{"line":15,"column":67},"end":{"line":15,"column":68}},"loc":{"start":{"line":15,"column":74},"end":{"line":15,"column":99}},"line":15},"3":{"name":"(anonymous_3)","decl":{"start":{"line":35,"column":22},"end":{"line":35,"column":23}},"loc":{"start":{"line":36,"column":14},"end":{"line":54,"column":19}},"line":36},"4":{"name":"(anonymous_4)","decl":{"start":{"line":49,"column":87},"end":{"line":49,"column":88}},"loc":{"start":{"line":49,"column":93},"end":{"line":49,"column":108}},"line":49},"5":{"name":"(anonymous_5)","decl":{"start":{"line":50,"column":81},"end":{"line":50,"column":82}},"loc":{"start":{"line":50,"column":87},"end":{"line":50,"column":107}},"line":50}},"branchMap":{"0":{"loc":{"start":{"line":42,"column":44},"end":{"line":42,"column":88}},"type":"cond-expr","locations":[{"start":{"line":42,"column":59},"end":{"line":42,"column":71}},{"start":{"line":42,"column":74},"end":{"line":42,"column":88}}],"line":42},"1":{"loc":{"start":{"line":43,"column":21},"end":{"line":43,"column":56}},"type":"cond-expr","locations":[{"start":{"line":43,"column":36},"end":{"line":43,"column":44}},{"start":{"line":43,"column":47},"end":{"line":43,"column":56}}],"line":43},"2":{"loc":{"start":{"line":47,"column":19},"end":{"line":52,"column":19}},"type":"binary-expr","locations":[{"start":{"line":47,"column":19},"end":{"line":47,"column":34}},{"start":{"line":48,"column":20},"end":{"line":51,"column":23}}],"line":47}},"s":{"0":3,"1":18,"2":2,"3":1,"4":33,"5":1,"6":1},"f":{"0":18,"1":2,"2":1,"3":33,"4":1,"5":1},"b":{"0":[8,25],"1":[8,25],"2":[33,10]},"_coverageSchema":"1a1c01bbd47fc00a2c39e90264f33305004495a9","hash":"45ad84cb72855adeeaaac1192e246c4b42b4a8c3"}
,"/Users/okjinshinh/Desktop/test/again/frontend/etf/src/components/Login.jsx": {"path":"/Users/okjinshinh/Desktop/test/again/frontend/etf/src/components/Login.jsx","statementMap":{"0":{"start":{"line":4,"column":14},"end":{"line":73,"column":1}},"1":{"start":{"line":5,"column":34},"end":{"line":5,"column":46}},"2":{"start":{"line":6,"column":34},"end":{"line":6,"column":46}},"3":{"start":{"line":7,"column":32},"end":{"line":7,"column":47}},"4":{"start":{"line":8,"column":28},"end":{"line":8,"column":40}},"5":{"start":{"line":9,"column":44},"end":{"line":9,"column":59}},"6":{"start":{"line":11,"column":23},"end":{"line":29,"column":3}},"7":{"start":{"line":12,"column":4},"end":{"line":12,"column":22}},"8":{"start":{"line":13,"column":4},"end":{"line":13,"column":20}},"9":{"start":{"line":14,"column":4},"end":{"line":14,"column":16}},"10":{"start":{"line":16,"column":4},"end":{"line":28,"column":5}},"11":{"start":{"line":18,"column":6},"end":{"line":22,"column":7}},"12":{"start":{"line":19,"column":8},"end":{"line":19,"column":66}},"13":{"start":{"line":21,"column":8},"end":{"line":21,"column":63}},"14":{"start":{"line":23,"column":6},"end":{"line":23,"column":24}},"15":{"start":{"line":25,"column":6},"end":{"line":25,"column":87}},"16":{"start":{"line":27,"column":6},"end":{"line":27,"column":23}},"17":{"start":{"line":31,"column":2},"end":{"line":72,"column":3}},"18":{"start":{"line":43,"column":110},"end":{"line":43,"column":137}},"19":{"start":{"line":47,"column":114},"end":{"line":47,"column":141}},"20":{"start":{"line":55,"column":78},"end":{"line":55,"column":110}}},"fnMap":{"0":{"name":"(anonymous_0)","decl":{"start":{"line":4,"column":14},"end":{"line":4,"column":15}},"loc":{"start":{"line":4,"column":31},"end":{"line":73,"column":1}},"line":4},"1":{"name":"(anonymous_1)","decl":{"start":{"line":11,"column":23},"end":{"line":11,"column":24}},"loc":{"start":{"line":11,"column":36},"end":{"line":29,"column":3}},"line":11},"2":{"name":"(anonymous_2)","decl":{"start":{"line":43,"column":103},"end":{"line":43,"column":104}},"loc":{"start":{"line":43,"column":110},"end":{"line":43,"column":137}},"line":43},"3":{"name":"(anonymous_3)","decl":{"start":{"line":47,"column":107},"end":{"line":47,"column":108}},"loc":{"start":{"line":47,"column":114},"end":{"line":47,"column":141}},"line":47},"4":{"name":"(anonymous_4)","decl":{"start":{"line":55,"column":72},"end":{"line":55,"column":73}},"loc":{"start":{"line":55,"column":78},"end":{"line":55,"column":110}},"line":55}},"branchMap":{"0":{"loc":{"start":{"line":18,"column":6},"end":{"line":22,"column":7}},"type":"if","locations":[{"start":{"line":18,"column":6},"end":{"line":22,"column":7}},{"start":{"line":20,"column":13},"end":{"line":22,"column":7}}],"line":18},"1":{"loc":{"start":{"line":25,"column":15},"end":{"line":25,"column":85}},"type":"cond-expr","locations":[{"start":{"line":25,"column":31},"end":{"line":25,"column":52}},{"start":{"line":25,"column":55},"end":{"line":25,"column":85}}],"line":25},"2":{"loc":{"start":{"line":38,"column":17},"end":{"line":38,"column":53}},"type":"cond-expr","locations":[{"start":{"line":38,"column":33},"end":{"line":38,"column":43}},{"start":{"line":38,"column":46},"end":{"line":38,"column":53}}],"line":38},"3":{"loc":{"start":{"line":49,"column":17},"end":{"line":49,"column":75}},"type":"binary-expr","locations":[{"start":{"line":49,"column":17},"end":{"line":49,"column":22}},{"start":{"line":49,"column":26},"end":{"line":49,"column":75}}],"line":49},"4":{"loc":{"start":{"line":51,"column":19},"end":{"line":51,"column":122}},"type":"cond-expr","locations":[{"start":{"line":51,"column":30},"end":{"line":51,"column":80}},{"start":{"line":51,"column":85},"end":{"line":51,"column":121}}],"line":51},"5":{"loc":{"start":{"line":51,"column":30},"end":{"line":51,"column":80}},"type":"cond-expr","locations":[{"start":{"line":51,"column":46},"end":{"line":51,"column":62}},{"start":{"line":51,"column":65},"end":{"line":51,"column":80}}],"line":51},"6":{"loc":{"start":{"line":51,"column":85},"end":{"line":51,"column":121}},"type":"cond-expr","locations":[{"start":{"line":51,"column":101},"end":{"line":51,"column":111}},{"start":{"line":51,"column":114},"end":{"line":51,"column":121}}],"line":51},"7":{"loc":{"start":{"line":56,"column":19},"end":{"line":56,"column":97}},"type":"cond-expr","locations":[{"start":{"line":56,"column":35},"end":{"line":56,"column":67}},{"start":{"line":56,"column":70},"end":{"line":56,"column":97}}],"line":56},"8":{"loc":{"start":{"line":59,"column":15},"end":{"line":66,"column":15}},"type":"binary-expr","locations":[{"start":{"line":59,"column":15},"end":{"line":59,"column":29}},{"start":{"line":60,"column":16},"end":{"line":65,"column":22}}],"line":59}},"s":{"0":2,"1":25,"2":25,"3":25,"4":25,"5":25,"6":25,"7":4,"8":4,"9":4,"10":4,"11":4,"12":1,"13":3,"14":2,"15":1,"16":3,"17":25,"18":4,"19":4,"20":2},"f":{"0":25,"1":4,"2":4,"3":4,"4":2},"b":{"0":[1,3],"1":[0,1],"2":[6,19],"3":[25,1],"4":[4,21],"5":[1,3],"6":[5,16],"7":[6,19],"8":[25,19]},"_coverageSchema":"1a1c01bbd47fc00a2c39e90264f33305004495a9","hash":"feae9ef7e8f752885d4f66109aae5dd71112eed7"}
,"/Users/okjinshinh/Desktop/test/again/frontend/etf/src/components/Navbar.jsx": {"path":"/Users/okjinshinh/Desktop/test/again/frontend/etf/src/components/Navbar.jsx","statementMap":{"0":{"start":{"line":3,"column":15},"end":{"line":38,"column":1}},"1":{"start":{"line":4,"column":19},"end":{"line":4,"column":32}},"2":{"start":{"line":6,"column":23},"end":{"line":8,"column":3}},"3":{"start":{"line":7,"column":4},"end":{"line":7,"column":21}},"4":{"start":{"line":10,"column":2},"end":{"line":37,"column":3}}},"fnMap":{"0":{"name":"(anonymous_0)","decl":{"start":{"line":3,"column":15},"end":{"line":3,"column":16}},"loc":{"start":{"line":3,"column":39},"end":{"line":38,"column":1}},"line":3},"1":{"name":"(anonymous_1)","decl":{"start":{"line":6,"column":23},"end":{"line":6,"column":24}},"loc":{"start":{"line":6,"column":35},"end":{"line":8,"column":3}},"line":6}},"branchMap":{"0":{"loc":{"start":{"line":16,"column":39},"end":{"line":16,"column":84}},"type":"cond-expr","locations":[{"start":{"line":16,"column":71},"end":{"line":16,"column":79}},{"start":{"line":16,"column":82},"end":{"line":16,"column":84}}],"line":16},"1":{"loc":{"start":{"line":17,"column":39},"end":{"line":17,"column":90}},"type":"cond-expr","locations":[{"start":{"line":17,"column":77},"end":{"line":17,"column":85}},{"start":{"line":17,"column":88},"end":{"line":17,"column":90}}],"line":17},"2":{"loc":{"start":{"line":18,"column":11},"end":{"line":20,"column":11}},"type":"binary-expr","locations":[{"start":{"line":18,"column":11},"end":{"line":18,"column":32}},{"start":{"line":19,"column":12},"end":{"line":19,"column":115}}],"line":18},"3":{"loc":{"start":{"line":19,"column":41},"end":{"line":19,"column":87}},"type":"cond-expr","locations":[{"start":{"line":19,"column":74},"end":{"line":19,"column":82}},{"start":{"line":19,"column":85},"end":{"line":19,"column":87}}],"line":19},"4":{"loc":{"start":{"line":26,"column":31},"end":{"line":26,"column":65}},"type":"binary-expr","locations":[{"start":{"line":26,"column":31},"end":{"line":26,"column":52}},{"start":{"line":26,"column":56},"end":{"line":26,"column":65}}],"line":26}},"s":{"0":2,"1":4,"2":4,"3":1,"4":4},"f":{"0":4,"1":1},"b":{"0":[4,0],"1":[0,4],"2":[4,1],"3":[0,1],"4":[4,1]},"_coverageSchema":"1a1c01bbd47fc00a2c39e90264f33305004495a9","hash":"98a925efc32baddba10b5fbbe7a761920e926e02"}
,"/Users/okjinshinh/Desktop/test/again/frontend/etf/src/components/NotFound.jsx": {"path":"/Users/okjinshinh/Desktop/test/again/frontend/etf/src/components/NotFound.jsx","statementMap":{"0":{"start":{"line":3,"column":17},"end":{"line":16,"column":1}},"1":{"start":{"line":4,"column":2},"end":{"line":15,"column":3}}},"fnMap":{"0":{"name":"(anonymous_0)","decl":{"start":{"line":3,"column":17},"end":{"line":3,"column":18}},"loc":{"start":{"line":3,"column":23},"end":{"line":16,"column":1}},"line":3}},"branchMap":{},"s":{"0":2,"1":3},"f":{"0":3},"b":{},"_coverageSchema":"1a1c01bbd47fc00a2c39e90264f33305004495a9","hash":"1beecbc5ab55df6a377183369986f0c614982702"}
,"/Users/okjinshinh/Desktop/test/again/frontend/etf/src/components/PortfolioDetail.jsx": {"path":"/Users/okjinshinh/Desktop/test/again/frontend/etf/src/components/PortfolioDetail.jsx","statementMap":{"0":{"start":{"line":5,"column":24},"end":{"line":223,"column":1}},"1":{"start":{"line":6,"column":17},"end":{"line":6,"column":28}},"2":{"start":{"line":7,"column":19},"end":{"line":7,"column":32}},"3":{"start":{"line":8,"column":36},"end":{"line":8,"column":50}},"4":{"start":{"line":9,"column":44},"end":{"line":9,"column":56}},"5":{"start":{"line":10,"column":44},"end":{"line":10,"column":56}},"6":{"start":{"line":11,"column":32},"end":{"line":11,"column":46}},"7":{"start":{"line":12,"column":42},"end":{"line":12,"column":57}},"8":{"start":{"line":14,"column":2},"end":{"line":16,"column":10}},"9":{"start":{"line":15,"column":4},"end":{"line":15,"column":24}},"10":{"start":{"line":18,"column":29},"end":{"line":57,"column":3}},"11":{"start":{"line":19,"column":4},"end":{"line":56,"column":5}},"12":{"start":{"line":20,"column":22},"end":{"line":20,"column":57}},"13":{"start":{"line":25,"column":67},"end":{"line":29,"column":8}},"14":{"start":{"line":31,"column":6},"end":{"line":41,"column":7}},"15":{"start":{"line":32,"column":30},"end":{"line":32,"column":60}},"16":{"start":{"line":33,"column":8},"end":{"line":33,"column":35}},"17":{"start":{"line":34,"column":13},"end":{"line":41,"column":7}},"18":{"start":{"line":35,"column":8},"end":{"line":35,"column":31}},"19":{"start":{"line":36,"column":8},"end":{"line":36,"column":14}},"20":{"start":{"line":37,"column":13},"end":{"line":41,"column":7}},"21":{"start":{"line":38,"column":8},"end":{"line":38,"column":28}},"22":{"start":{"line":39,"column":8},"end":{"line":39,"column":32}},"23":{"start":{"line":40,"column":8},"end":{"line":40,"column":14}},"24":{"start":{"line":43,"column":6},"end":{"line":46,"column":7}},"25":{"start":{"line":44,"column":25},"end":{"line":44,"column":50}},"26":{"start":{"line":45,"column":8},"end":{"line":45,"column":34}},"27":{"start":{"line":48,"column":6},"end":{"line":51,"column":7}},"28":{"start":{"line":49,"column":30},"end":{"line":49,"column":60}},"29":{"start":{"line":50,"column":8},"end":{"line":50,"column":39}},"30":{"start":{"line":53,"column":6},"end":{"line":53,"column":61}},"31":{"start":{"line":55,"column":6},"end":{"line":55,"column":23}},"32":{"start":{"line":59,"column":23},"end":{"line":80,"column":3}},"33":{"start":{"line":60,"column":4},"end":{"line":79,"column":5}},"34":{"start":{"line":61,"column":23},"end":{"line":66,"column":8}},"35":{"start":{"line":68,"column":6},"end":{"line":76,"column":7}},"36":{"start":{"line":69,"column":8},"end":{"line":69,"column":28}},"37":{"start":{"line":70,"column":8},"end":{"line":70,"column":30}},"38":{"start":{"line":71,"column":13},"end":{"line":76,"column":7}},"39":{"start":{"line":72,"column":8},"end":{"line":72,"column":49}},"40":{"start":{"line":73,"column":13},"end":{"line":76,"column":7}},"41":{"start":{"line":74,"column":8},"end":{"line":74,"column":28}},"42":{"start":{"line":75,"column":8},"end":{"line":75,"column":32}},"43":{"start":{"line":78,"column":6},"end":{"line":78,"column":48}},"44":{"start":{"line":82,"column":26},"end":{"line":102,"column":3}},"45":{"start":{"line":83,"column":4},"end":{"line":101,"column":5}},"46":{"start":{"line":84,"column":6},"end":{"line":100,"column":7}},"47":{"start":{"line":85,"column":25},"end":{"line":90,"column":10}},"48":{"start":{"line":92,"column":8},"end":{"line":97,"column":9}},"49":{"start":{"line":93,"column":10},"end":{"line":93,"column":30}},"50":{"start":{"line":94,"column":15},"end":{"line":97,"column":9}},"51":{"start":{"line":95,"column":10},"end":{"line":95,"column":30}},"52":{"start":{"line":96,"column":10},"end":{"line":96,"column":34}},"53":{"start":{"line":99,"column":8},"end":{"line":99,"column":53}},"54":{"start":{"line":105,"column":29},"end":{"line":107,"column":3}},"55":{"start":{"line":106,"column":4},"end":{"line":106,"column":79}},"56":{"start":{"line":109,"column":32},"end":{"line":112,"column":3}},"57":{"start":{"line":110,"column":28},"end":{"line":110,"column":60}},"58":{"start":{"line":110,"column":53},"end":{"line":110,"column":59}},"59":{"start":{"line":111,"column":4},"end":{"line":111,"column":73}},"60":{"start":{"line":111,"column":39},"end":{"line":111,"column":72}},"61":{"start":{"line":114,"column":2},"end":{"line":116,"column":3}},"62":{"start":{"line":115,"column":4},"end":{"line":115,"column":56}},"63":{"start":{"line":118,"column":2},"end":{"line":120,"column":3}},"64":{"start":{"line":119,"column":4},"end":{"line":119,"column":65}},"65":{"start":{"line":122,"column":2},"end":{"line":222,"column":3}},"66":{"start":{"line":134,"column":68},"end":{"line":134,"column":89}},"67":{"start":{"line":159,"column":16},"end":{"line":169,"column":21}},"68":{"start":{"line":166,"column":87},"end":{"line":166,"column":110}},"69":{"start":{"line":183,"column":75},"end":{"line":183,"column":97}},"70":{"start":{"line":199,"column":24},"end":{"line":207,"column":29}},"71":{"start":{"line":205,"column":86},"end":{"line":205,"column":106}}},"fnMap":{"0":{"name":"(anonymous_0)","decl":{"start":{"line":5,"column":24},"end":{"line":5,"column":25}},"loc":{"start":{"line":5,"column":38},"end":{"line":223,"column":1}},"line":5},"1":{"name":"(anonymous_1)","decl":{"start":{"line":14,"column":12},"end":{"line":14,"column":13}},"loc":{"start":{"line":14,"column":18},"end":{"line":16,"column":3}},"line":14},"2":{"name":"(anonymous_2)","decl":{"start":{"line":18,"column":29},"end":{"line":18,"column":30}},"loc":{"start":{"line":18,"column":41},"end":{"line":57,"column":3}},"line":18},"3":{"name":"(anonymous_3)","decl":{"start":{"line":59,"column":23},"end":{"line":59,"column":24}},"loc":{"start":{"line":59,"column":40},"end":{"line":80,"column":3}},"line":59},"4":{"name":"(anonymous_4)","decl":{"start":{"line":82,"column":26},"end":{"line":82,"column":27}},"loc":{"start":{"line":82,"column":43},"end":{"line":102,"column":3}},"line":82},"5":{"name":"(anonymous_5)","decl":{"start":{"line":105,"column":29},"end":{"line":105,"column":30}},"loc":{"start":{"line":105,"column":35},"end":{"line":107,"column":3}},"line":105},"6":{"name":"(anonymous_6)","decl":{"start":{"line":109,"column":32},"end":{"line":109,"column":33}},"loc":{"start":{"line":109,"column":38},"end":{"line":112,"column":3}},"line":109},"7":{"name":"(anonymous_7)","decl":{"start":{"line":110,"column":46},"end":{"line":110,"column":47}},"loc":{"start":{"line":110,"column":53},"end":{"line":110,"column":59}},"line":110},"8":{"name":"(anonymous_8)","decl":{"start":{"line":111,"column":32},"end":{"line":111,"column":33}},"loc":{"start":{"line":111,"column":39},"end":{"line":111,"column":72}},"line":111},"9":{"name":"(anonymous_9)","decl":{"start":{"line":134,"column":62},"end":{"line":134,"column":63}},"loc":{"start":{"line":134,"column":68},"end":{"line":134,"column":89}},"line":134},"10":{"name":"(anonymous_10)","decl":{"start":{"line":158,"column":33},"end":{"line":158,"column":34}},"loc":{"start":{"line":159,"column":16},"end":{"line":169,"column":21}},"line":159},"11":{"name":"(anonymous_11)","decl":{"start":{"line":166,"column":81},"end":{"line":166,"column":82}},"loc":{"start":{"line":166,"column":87},"end":{"line":166,"column":110}},"line":166},"12":{"name":"(anonymous_12)","decl":{"start":{"line":183,"column":69},"end":{"line":183,"column":70}},"loc":{"start":{"line":183,"column":75},"end":{"line":183,"column":97}},"line":183},"13":{"name":"(anonymous_13)","decl":{"start":{"line":198,"column":51},"end":{"line":198,"column":52}},"loc":{"start":{"line":199,"column":24},"end":{"line":207,"column":29}},"line":199},"14":{"name":"(anonymous_14)","decl":{"start":{"line":205,"column":80},"end":{"line":205,"column":81}},"loc":{"start":{"line":205,"column":86},"end":{"line":205,"column":106}},"line":205}},"branchMap":{"0":{"loc":{"start":{"line":31,"column":6},"end":{"line":41,"column":7}},"type":"if","locations":[{"start":{"line":31,"column":6},"end":{"line":41,"column":7}},{"start":{"line":34,"column":13},"end":{"line":41,"column":7}}],"line":31},"1":{"loc":{"start":{"line":34,"column":13},"end":{"line":41,"column":7}},"type":"if","locations":[{"start":{"line":34,"column":13},"end":{"line":41,"column":7}},{"start":{"line":37,"column":13},"end":{"line":41,"column":7}}],"line":34},"2":{"loc":{"start":{"line":37,"column":13},"end":{"line":41,"column":7}},"type":"if","locations":[{"start":{"line":37,"column":13},"end":{"line":41,"column":7}},{"start":{},"end":{}}],"line":37},"3":{"loc":{"start":{"line":43,"column":6},"end":{"line":46,"column":7}},"type":"if","locations":[{"start":{"line":43,"column":6},"end":{"line":46,"column":7}},{"start":{},"end":{}}],"line":43},"4":{"loc":{"start":{"line":48,"column":6},"end":{"line":51,"column":7}},"type":"if","locations":[{"start":{"line":48,"column":6},"end":{"line":51,"column":7}},{"start":{},"end":{}}],"line":48},"5":{"loc":{"start":{"line":68,"column":6},"end":{"line":76,"column":7}},"type":"if","locations":[{"start":{"line":68,"column":6},"end":{"line":76,"column":7}},{"start":{"line":71,"column":13},"end":{"line":76,"column":7}}],"line":68},"6":{"loc":{"start":{"line":71,"column":13},"end":{"line":76,"column":7}},"type":"if","locations":[{"start":{"line":71,"column":13},"end":{"line":76,"column":7}},{"start":{"line":73,"column":13},"end":{"line":76,"column":7}}],"line":71},"7":{"loc":{"start":{"line":73,"column":13},"end":{"line":76,"column":7}},"type":"if","locations":[{"start":{"line":73,"column":13},"end":{"line":76,"column":7}},{"start":{},"end":{}}],"line":73},"8":{"loc":{"start":{"line":83,"column":4},"end":{"line":101,"column":5}},"type":"if","locations":[{"start":{"line":83,"column":4},"end":{"line":101,"column":5}},{"start":{},"end":{}}],"line":83},"9":{"loc":{"start":{"line":92,"column":8},"end":{"line":97,"column":9}},"type":"if","locations":[{"start":{"line":92,"column":8},"end":{"line":97,"column":9}},{"start":{"line":94,"column":15},"end":{"line":97,"column":9}}],"line":92},"10":{"loc":{"start":{"line":94,"column":15},"end":{"line":97,"column":9}},"type":"if","locations":[{"start":{"line":94,"column":15},"end":{"line":97,"column":9}},{"start":{},"end":{}}],"line":94},"11":{"loc":{"start":{"line":106,"column":11},"end":{"line":106,"column":79}},"type":"binary-expr","locations":[{"start":{"line":106,"column":11},"end":{"line":106,"column":20}},{"start":{"line":106,"column":25},"end":{"line":106,"column":46}},{"start":{"line":106,"column":50},"end":{"line":106,"column":78}}],"line":106},"12":{"loc":{"start":{"line":114,"column":2},"end":{"line":116,"column":3}},"type":"if","locations":[{"start":{"line":114,"column":2},"end":{"line":116,"column":3}},{"start":{},"end":{}}],"line":114},"13":{"loc":{"start":{"line":118,"column":2},"end":{"line":120,"column":3}},"type":"if","locations":[{"start":{"line":118,"column":2},"end":{"line":120,"column":3}},{"start":{},"end":{}}],"line":118},"14":{"loc":{"start":{"line":127,"column":36},"end":{"line":127,"column":86}},"type":"cond-expr","locations":[{"start":{"line":127,"column":57},"end":{"line":127,"column":69}},{"start":{"line":127,"column":72},"end":{"line":127,"column":86}}],"line":127},"15":{"loc":{"start":{"line":128,"column":13},"end":{"line":128,"column":54}},"type":"cond-expr","locations":[{"start":{"line":128,"column":34},"end":{"line":128,"column":42}},{"start":{"line":128,"column":45},"end":{"line":128,"column":54}}],"line":128},"16":{"loc":{"start":{"line":133,"column":11},"end":{"line":135,"column":11}},"type":"binary-expr","locations":[{"start":{"line":133,"column":11},"end":{"line":133,"column":31}},{"start":{"line":134,"column":12},"end":{"line":134,"column":107}}],"line":133},"17":{"loc":{"start":{"line":141,"column":7},"end":{"line":174,"column":7}},"type":"cond-expr","locations":[{"start":{"line":142,"column":8},"end":{"line":144,"column":14}},{"start":{"line":146,"column":8},"end":{"line":173,"column":14}}],"line":141},"18":{"loc":{"start":{"line":154,"column":17},"end":{"line":154,"column":57}},"type":"binary-expr","locations":[{"start":{"line":154,"column":17},"end":{"line":154,"column":37}},{"start":{"line":154,"column":41},"end":{"line":154,"column":57}}],"line":154},"19":{"loc":{"start":{"line":164,"column":19},"end":{"line":168,"column":19}},"type":"binary-expr","locations":[{"start":{"line":164,"column":19},"end":{"line":164,"column":39}},{"start":{"line":165,"column":20},"end":{"line":167,"column":25}}],"line":164},"20":{"loc":{"start":{"line":177,"column":7},"end":{"line":219,"column":7}},"type":"binary-expr","locations":[{"start":{"line":177,"column":7},"end":{"line":177,"column":19}},{"start":{"line":178,"column":8},"end":{"line":218,"column":14}}],"line":177},"21":{"loc":{"start":{"line":212,"column":17},"end":{"line":214,"column":17}},"type":"binary-expr","locations":[{"start":{"line":212,"column":17},"end":{"line":212,"column":53}},{"start":{"line":213,"column":18},"end":{"line":213,"column":94}}],"line":212},"22":{"loc":{"start":{"line":220,"column":7},"end":{"line":220,"column":66}},"type":"binary-expr","locations":[{"start":{"line":220,"column":7},"end":{"line":220,"column":19}},{"start":{"line":220,"column":23},"end":{"line":220,"column":66}}],"line":220}},"s":{"0":2,"1":14,"2":14,"3":14,"4":14,"5":14,"6":14,"7":14,"8":14,"9":6,"10":14,"11":8,"12":8,"13":8,"14":8,"15":8,"16":8,"17":0,"18":0,"19":0,"20":0,"21":0,"22":0,"23":0,"24":8,"25":8,"26":8,"27":8,"28":8,"29":8,"30":0,"31":8,"32":14,"33":1,"34":1,"35":1,"36":1,"37":1,"38":0,"39":0,"40":0,"41":0,"42":0,"43":0,"44":14,"45":1,"46":1,"47":1,"48":1,"49":1,"50":0,"51":0,"52":0,"53":0,"54":14,"55":24,"56":14,"57":4,"58":4,"59":4,"60":4,"61":14,"62":6,"63":8,"64":0,"65":8,"66":2,"67":8,"68":1,"69":0,"70":2,"71":1},"f":{"0":14,"1":6,"2":8,"3":1,"4":1,"5":24,"6":4,"7":4,"8":4,"9":2,"10":8,"11":1,"12":0,"13":2,"14":1},"b":{"0":[8,0],"1":[0,0],"2":[0,0],"3":[8,0],"4":[8,0],"5":[1,0],"6":[0,0],"7":[0,0],"8":[1,0],"9":[1,0],"10":[0,0],"11":[24,24,24],"12":[6,8],"13":[0,8],"14":[8,0],"15":[8,0],"16":[8,8],"17":[0,8],"18":[8,8],"19":[8,8],"20":[8,2],"21":[2,0],"22":[8,2]},"_coverageSchema":"1a1c01bbd47fc00a2c39e90264f33305004495a9","hash":"725b14b40a04952592766a0df568910e3722cf78"}
,"/Users/okjinshinh/Desktop/test/again/frontend/etf/src/components/PortfolioGrid.jsx": {"path":"/Users/okjinshinh/Desktop/test/again/frontend/etf/src/components/PortfolioGrid.jsx","statementMap":{"0":{"start":{"line":3,"column":22},"end":{"line":52,"column":1}},"1":{"start":{"line":5,"column":2},"end":{"line":51,"column":3}},"2":{"start":{"line":14,"column":125},"end":{"line":14,"column":154}},"3":{"start":{"line":17,"column":74},"end":{"line":17,"column":99}},"4":{"start":{"line":26,"column":10},"end":{"line":47,"column":16}},"5":{"start":{"line":40,"column":90},"end":{"line":40,"column":111}},"6":{"start":{"line":41,"column":87},"end":{"line":41,"column":113}}},"fnMap":{"0":{"name":"(anonymous_0)","decl":{"start":{"line":3,"column":22},"end":{"line":3,"column":23}},"loc":{"start":{"line":4,"column":6},"end":{"line":52,"column":1}},"line":4},"1":{"name":"(anonymous_1)","decl":{"start":{"line":14,"column":118},"end":{"line":14,"column":119}},"loc":{"start":{"line":14,"column":125},"end":{"line":14,"column":154}},"line":14},"2":{"name":"(anonymous_2)","decl":{"start":{"line":17,"column":67},"end":{"line":17,"column":68}},"loc":{"start":{"line":17,"column":74},"end":{"line":17,"column":99}},"line":17},"3":{"name":"(anonymous_3)","decl":{"start":{"line":25,"column":24},"end":{"line":25,"column":25}},"loc":{"start":{"line":26,"column":10},"end":{"line":47,"column":16}},"line":26},"4":{"name":"(anonymous_4)","decl":{"start":{"line":40,"column":84},"end":{"line":40,"column":85}},"loc":{"start":{"line":40,"column":90},"end":{"line":40,"column":111}},"line":40},"5":{"name":"(anonymous_5)","decl":{"start":{"line":41,"column":81},"end":{"line":41,"column":82}},"loc":{"start":{"line":41,"column":87},"end":{"line":41,"column":113}},"line":41}},"branchMap":{"0":{"loc":{"start":{"line":31,"column":44},"end":{"line":31,"column":94}},"type":"cond-expr","locations":[{"start":{"line":31,"column":65},"end":{"line":31,"column":77}},{"start":{"line":31,"column":80},"end":{"line":31,"column":94}}],"line":31},"1":{"loc":{"start":{"line":32,"column":21},"end":{"line":32,"column":62}},"type":"cond-expr","locations":[{"start":{"line":32,"column":42},"end":{"line":32,"column":50}},{"start":{"line":32,"column":53},"end":{"line":32,"column":62}}],"line":32},"2":{"loc":{"start":{"line":38,"column":19},"end":{"line":43,"column":19}},"type":"binary-expr","locations":[{"start":{"line":38,"column":19},"end":{"line":38,"column":46}},{"start":{"line":39,"column":20},"end":{"line":42,"column":23}}],"line":38}},"s":{"0":3,"1":15,"2":2,"3":1,"4":30,"5":0,"6":0},"f":{"0":15,"1":2,"2":1,"3":30,"4":0,"5":0},"b":{"0":[15,15],"1":[15,15],"2":[30,15]},"_coverageSchema":"1a1c01bbd47fc00a2c39e90264f33305004495a9","hash":"3b4f845a21786445d82f289a16fbe2933b570cef"}
,"/Users/okjinshinh/Desktop/test/again/frontend/etf/src/components/PortfolioList.jsx": {"path":"/Users/okjinshinh/Desktop/test/again/frontend/etf/src/components/PortfolioList.jsx","statementMap":{"0":{"start":{"line":6,"column":22},"end":{"line":150,"column":1}},"1":{"start":{"line":7,"column":38},"end":{"line":7,"column":50}},"2":{"start":{"line":8,"column":32},"end":{"line":8,"column":46}},"3":{"start":{"line":9,"column":38},"end":{"line":9,"column":50}},"4":{"start":{"line":10,"column":30},"end":{"line":10,"column":46}},"5":{"start":{"line":11,"column":36},"end":{"line":11,"column":51}},"6":{"start":{"line":12,"column":50},"end":{"line":12,"column":64}},"7":{"start":{"line":13,"column":34},"end":{"line":13,"column":71}},"8":{"start":{"line":15,"column":2},"end":{"line":17,"column":26}},"9":{"start":{"line":16,"column":4},"end":{"line":16,"column":21}},"10":{"start":{"line":19,"column":26},"end":{"line":43,"column":3}},"11":{"start":{"line":20,"column":4},"end":{"line":42,"column":5}},"12":{"start":{"line":21,"column":21},"end":{"line":21,"column":42}},"13":{"start":{"line":22,"column":6},"end":{"line":22,"column":57}},"14":{"start":{"line":22,"column":22},"end":{"line":22,"column":57}},"15":{"start":{"line":23,"column":6},"end":{"line":23,"column":49}},"16":{"start":{"line":23,"column":18},"end":{"line":23,"column":49}},"17":{"start":{"line":25,"column":23},"end":{"line":29,"column":8}},"18":{"start":{"line":31,"column":6},"end":{"line":37,"column":7}},"19":{"start":{"line":32,"column":21},"end":{"line":32,"column":42}},"20":{"start":{"line":33,"column":8},"end":{"line":33,"column":27}},"21":{"start":{"line":34,"column":13},"end":{"line":37,"column":7}},"22":{"start":{"line":35,"column":8},"end":{"line":35,"column":28}},"23":{"start":{"line":36,"column":8},"end":{"line":36,"column":32}},"24":{"start":{"line":39,"column":6},"end":{"line":39,"column":57}},"25":{"start":{"line":41,"column":6},"end":{"line":41,"column":23}},"26":{"start":{"line":45,"column":23},"end":{"line":72,"column":3}},"27":{"start":{"line":46,"column":4},"end":{"line":46,"column":22}},"28":{"start":{"line":47,"column":4},"end":{"line":71,"column":5}},"29":{"start":{"line":48,"column":18},"end":{"line":48,"column":97}},"30":{"start":{"line":49,"column":21},"end":{"line":49,"column":54}},"31":{"start":{"line":51,"column":23},"end":{"line":58,"column":8}},"32":{"start":{"line":60,"column":6},"end":{"line":68,"column":7}},"33":{"start":{"line":61,"column":8},"end":{"line":61,"column":27}},"34":{"start":{"line":62,"column":8},"end":{"line":62,"column":33}},"35":{"start":{"line":63,"column":8},"end":{"line":63,"column":19}},"36":{"start":{"line":64,"column":8},"end":{"line":64,"column":25}},"37":{"start":{"line":65,"column":13},"end":{"line":68,"column":7}},"38":{"start":{"line":66,"column":8},"end":{"line":66,"column":28}},"39":{"start":{"line":67,"column":8},"end":{"line":67,"column":32}},"40":{"start":{"line":70,"column":6},"end":{"line":70,"column":55}},"41":{"start":{"line":74,"column":21},"end":{"line":81,"column":3}},"42":{"start":{"line":75,"column":4},"end":{"line":75,"column":34}},"43":{"start":{"line":76,"column":4},"end":{"line":79,"column":6}},"44":{"start":{"line":80,"column":4},"end":{"line":80,"column":22}},"45":{"start":{"line":83,"column":23},"end":{"line":103,"column":3}},"46":{"start":{"line":84,"column":4},"end":{"line":102,"column":5}},"47":{"start":{"line":85,"column":6},"end":{"line":101,"column":7}},"48":{"start":{"line":86,"column":25},"end":{"line":91,"column":10}},"49":{"start":{"line":93,"column":8},"end":{"line":98,"column":9}},"50":{"start":{"line":94,"column":10},"end":{"line":94,"column":27}},"51":{"start":{"line":95,"column":15},"end":{"line":98,"column":9}},"52":{"start":{"line":96,"column":10},"end":{"line":96,"column":30}},"53":{"start":{"line":97,"column":10},"end":{"line":97,"column":34}},"54":{"start":{"line":100,"column":8},"end":{"line":100,"column":59}},"55":{"start":{"line":105,"column":20},"end":{"line":110,"column":3}},"56":{"start":{"line":106,"column":4},"end":{"line":109,"column":6}},"57":{"start":{"line":112,"column":27},"end":{"line":114,"column":3}},"58":{"start":{"line":113,"column":4},"end":{"line":113,"column":64}},"59":{"start":{"line":116,"column":29},"end":{"line":120,"column":3}},"60":{"start":{"line":117,"column":4},"end":{"line":117,"column":29}},"61":{"start":{"line":118,"column":4},"end":{"line":118,"column":15}},"62":{"start":{"line":119,"column":4},"end":{"line":119,"column":22}},"63":{"start":{"line":122,"column":2},"end":{"line":124,"column":3}},"64":{"start":{"line":123,"column":4},"end":{"line":123,"column":56}},"65":{"start":{"line":126,"column":2},"end":{"line":149,"column":3}}},"fnMap":{"0":{"name":"(anonymous_0)","decl":{"start":{"line":6,"column":22},"end":{"line":6,"column":23}},"loc":{"start":{"line":6,"column":36},"end":{"line":150,"column":1}},"line":6},"1":{"name":"(anonymous_1)","decl":{"start":{"line":15,"column":12},"end":{"line":15,"column":13}},"loc":{"start":{"line":15,"column":18},"end":{"line":17,"column":3}},"line":15},"2":{"name":"(anonymous_2)","decl":{"start":{"line":19,"column":26},"end":{"line":19,"column":27}},"loc":{"start":{"line":19,"column":38},"end":{"line":43,"column":3}},"line":19},"3":{"name":"(anonymous_3)","decl":{"start":{"line":45,"column":23},"end":{"line":45,"column":24}},"loc":{"start":{"line":45,"column":36},"end":{"line":72,"column":3}},"line":45},"4":{"name":"(anonymous_4)","decl":{"start":{"line":74,"column":21},"end":{"line":74,"column":22}},"loc":{"start":{"line":74,"column":36},"end":{"line":81,"column":3}},"line":74},"5":{"name":"(anonymous_5)","decl":{"start":{"line":83,"column":23},"end":{"line":83,"column":24}},"loc":{"start":{"line":83,"column":37},"end":{"line":103,"column":3}},"line":83},"6":{"name":"(anonymous_6)","decl":{"start":{"line":105,"column":20},"end":{"line":105,"column":21}},"loc":{"start":{"line":105,"column":26},"end":{"line":110,"column":3}},"line":105},"7":{"name":"(anonymous_7)","decl":{"start":{"line":112,"column":27},"end":{"line":112,"column":28}},"loc":{"start":{"line":112,"column":42},"end":{"line":114,"column":3}},"line":112},"8":{"name":"(anonymous_8)","decl":{"start":{"line":116,"column":29},"end":{"line":116,"column":30}},"loc":{"start":{"line":116,"column":35},"end":{"line":120,"column":3}},"line":116}},"branchMap":{"0":{"loc":{"start":{"line":22,"column":6},"end":{"line":22,"column":57}},"type":"if","locations":[{"start":{"line":22,"column":6},"end":{"line":22,"column":57}},{"start":{},"end":{}}],"line":22},"1":{"loc":{"start":{"line":23,"column":6},"end":{"line":23,"column":49}},"type":"if","locations":[{"start":{"line":23,"column":6},"end":{"line":23,"column":49}},{"start":{},"end":{}}],"line":23},"2":{"loc":{"start":{"line":31,"column":6},"end":{"line":37,"column":7}},"type":"if","locations":[{"start":{"line":31,"column":6},"end":{"line":37,"column":7}},{"start":{"line":34,"column":13},"end":{"line":37,"column":7}}],"line":31},"3":{"loc":{"start":{"line":34,"column":13},"end":{"line":37,"column":7}},"type":"if","locations":[{"start":{"line":34,"column":13},"end":{"line":37,"column":7}},{"start":{},"end":{}}],"line":34},"4":{"loc":{"start":{"line":48,"column":18},"end":{"line":48,"column":97}},"type":"cond-expr","locations":[{"start":{"line":48,"column":37},"end":{"line":48,"column":77}},{"start":{"line":48,"column":80},"end":{"line":48,"column":97}}],"line":48},"5":{"loc":{"start":{"line":49,"column":21},"end":{"line":49,"column":54}},"type":"cond-expr","locations":[{"start":{"line":49,"column":40},"end":{"line":49,"column":45}},{"start":{"line":49,"column":48},"end":{"line":49,"column":54}}],"line":49},"6":{"loc":{"start":{"line":60,"column":6},"end":{"line":68,"column":7}},"type":"if","locations":[{"start":{"line":60,"column":6},"end":{"line":68,"column":7}},{"start":{"line":65,"column":13},"end":{"line":68,"column":7}}],"line":60},"7":{"loc":{"start":{"line":65,"column":13},"end":{"line":68,"column":7}},"type":"if","locations":[{"start":{"line":65,"column":13},"end":{"line":68,"column":7}},{"start":{},"end":{}}],"line":65},"8":{"loc":{"start":{"line":84,"column":4},"end":{"line":102,"column":5}},"type":"if","locations":[{"start":{"line":84,"column":4},"end":{"line":102,"column":5}},{"start":{},"end":{}}],"line":84},"9":{"loc":{"start":{"line":93,"column":8},"end":{"line":98,"column":9}},"type":"if","locations":[{"start":{"line":93,"column":8},"end":{"line":98,"column":9}},{"start":{"line":95,"column":15},"end":{"line":98,"column":9}}],"line":93},"10":{"loc":{"start":{"line":95,"column":15},"end":{"line":98,"column":9}},"type":"if","locations":[{"start":{"line":95,"column":15},"end":{"line":98,"column":9}},{"start":{},"end":{}}],"line":95},"11":{"loc":{"start":{"line":113,"column":11},"end":{"line":113,"column":64}},"type":"binary-expr","locations":[{"start":{"line":113,"column":11},"end":{"line":113,"column":32}},{"start":{"line":113,"column":36},"end":{"line":113,"column":64}}],"line":113},"12":{"loc":{"start":{"line":122,"column":2},"end":{"line":124,"column":3}},"type":"if","locations":[{"start":{"line":122,"column":2},"end":{"line":124,"column":3}},{"start":{},"end":{}}],"line":122}},"s":{"0":2,"1":13,"2":13,"3":13,"4":13,"5":13,"6":13,"7":13,"8":13,"9":6,"10":13,"11":7,"12":7,"13":7,"14":1,"15":7,"16":7,"17":7,"18":6,"19":6,"20":6,"21":0,"22":0,"23":0,"24":0,"25":6,"26":13,"27":1,"28":1,"29":1,"30":1,"31":1,"32":1,"33":1,"34":1,"35":1,"36":1,"37":0,"38":0,"39":0,"40":0,"41":13,"42":0,"43":0,"44":0,"45":13,"46":0,"47":0,"48":0,"49":0,"50":0,"51":0,"52":0,"53":0,"54":0,"55":13,"56":3,"57":13,"58":16,"59":13,"60":2,"61":2,"62":2,"63":13,"64":5,"65":8},"f":{"0":13,"1":6,"2":7,"3":1,"4":0,"5":0,"6":3,"7":16,"8":2},"b":{"0":[1,6],"1":[7,0],"2":[6,0],"3":[0,0],"4":[0,1],"5":[0,1],"6":[1,0],"7":[0,0],"8":[0,0],"9":[0,0],"10":[0,0],"11":[16,16],"12":[5,8]},"_coverageSchema":"1a1c01bbd47fc00a2c39e90264f33305004495a9","hash":"b3e5c30751696ae2a22ec721a0e8997c961316e7"}
,"/Users/okjinshinh/Desktop/test/again/frontend/etf/src/components/PortfolioModal.jsx": {"path":"/Users/okjinshinh/Desktop/test/again/frontend/etf/src/components/PortfolioModal.jsx","statementMap":{"0":{"start":{"line":1,"column":23},"end":{"line":38,"column":1}},"1":{"start":{"line":3,"column":2},"end":{"line":3,"column":29}},"2":{"start":{"line":3,"column":18},"end":{"line":3,"column":29}},"3":{"start":{"line":5,"column":2},"end":{"line":37,"column":3}},"4":{"start":{"line":14,"column":73},"end":{"line":14,"column":92}},"5":{"start":{"line":20,"column":120},"end":{"line":20,"column":168}},"6":{"start":{"line":23,"column":129},"end":{"line":23,"column":183}},"7":{"start":{"line":28,"column":83},"end":{"line":28,"column":102}}},"fnMap":{"0":{"name":"(anonymous_0)","decl":{"start":{"line":1,"column":23},"end":{"line":1,"column":24}},"loc":{"start":{"line":2,"column":6},"end":{"line":38,"column":1}},"line":2},"1":{"name":"(anonymous_1)","decl":{"start":{"line":14,"column":67},"end":{"line":14,"column":68}},"loc":{"start":{"line":14,"column":73},"end":{"line":14,"column":92}},"line":14},"2":{"name":"(anonymous_2)","decl":{"start":{"line":20,"column":113},"end":{"line":20,"column":114}},"loc":{"start":{"line":20,"column":120},"end":{"line":20,"column":168}},"line":20},"3":{"name":"(anonymous_3)","decl":{"start":{"line":23,"column":122},"end":{"line":23,"column":123}},"loc":{"start":{"line":23,"column":129},"end":{"line":23,"column":183}},"line":23},"4":{"name":"(anonymous_4)","decl":{"start":{"line":28,"column":77},"end":{"line":28,"column":78}},"loc":{"start":{"line":28,"column":83},"end":{"line":28,"column":102}},"line":28}},"branchMap":{"0":{"loc":{"start":{"line":3,"column":2},"end":{"line":3,"column":29}},"type":"if","locations":[{"start":{"line":3,"column":2},"end":{"line":3,"column":29}},{"start":{},"end":{}}],"line":3},"1":{"loc":{"start":{"line":12,"column":17},"end":{"line":12,"column":74}},"type":"cond-expr","locations":[{"start":{"line":12,"column":36},"end":{"line":12,"column":52}},{"start":{"line":12,"column":55},"end":{"line":12,"column":74}}],"line":12},"2":{"loc":{"start":{"line":29,"column":67},"end":{"line":29,"column":105}},"type":"cond-expr","locations":[{"start":{"line":29,"column":86},"end":{"line":29,"column":94}},{"start":{"line":29,"column":97},"end":{"line":29,"column":105}}],"line":29}},"s":{"0":3,"1":20,"2":6,"3":14,"4":1,"5":2,"6":1,"7":1},"f":{"0":20,"1":1,"2":2,"3":1,"4":1},"b":{"0":[6,14],"1":[1,13],"2":[1,13]},"_coverageSchema":"1a1c01bbd47fc00a2c39e90264f33305004495a9","hash":"1b1e8f6ec04e49b5bc44db87d172ac1a95dca92e"}
,"/Users/okjinshinh/Desktop/test/again/frontend/etf/src/components/UserManagement.jsx": {"path":"/Users/okjinshinh/Desktop/test/again/frontend/etf/src/components/UserManagement.jsx","statementMap":{"0":{"start":{"line":6,"column":21},"end":{"line":6,"column":44}},"1":{"start":{"line":8,"column":23},"end":{"line":169,"column":1}},"2":{"start":{"line":9,"column":28},"end":{"line":9,"column":40}},"3":{"start":{"line":10,"column":32},"end":{"line":10,"column":46}},"4":{"start":{"line":11,"column":38},"end":{"line":11,"column":50}},"5":{"start":{"line":12,"column":36},"end":{"line":12,"column":51}},"6":{"start":{"line":13,"column":40},"end":{"line":13,"column":54}},"7":{"start":{"line":14,"column":34},"end":{"line":14,"column":107}},"8":{"start":{"line":15,"column":28},"end":{"line":15,"column":40}},"9":{"start":{"line":17,"column":2},"end":{"line":19,"column":18}},"10":{"start":{"line":18,"column":4},"end":{"line":18,"column":16}},"11":{"start":{"line":21,"column":21},"end":{"line":41,"column":3}},"12":{"start":{"line":22,"column":4},"end":{"line":40,"column":5}},"13":{"start":{"line":23,"column":21},"end":{"line":23,"column":42}},"14":{"start":{"line":24,"column":6},"end":{"line":24,"column":57}},"15":{"start":{"line":24,"column":22},"end":{"line":24,"column":57}},"16":{"start":{"line":26,"column":23},"end":{"line":30,"column":8}},"17":{"start":{"line":32,"column":6},"end":{"line":35,"column":7}},"18":{"start":{"line":33,"column":21},"end":{"line":33,"column":42}},"19":{"start":{"line":34,"column":8},"end":{"line":34,"column":22}},"20":{"start":{"line":37,"column":6},"end":{"line":37,"column":52}},"21":{"start":{"line":39,"column":6},"end":{"line":39,"column":23}},"22":{"start":{"line":43,"column":23},"end":{"line":91,"column":3}},"23":{"start":{"line":44,"column":4},"end":{"line":44,"column":22}},"24":{"start":{"line":45,"column":4},"end":{"line":45,"column":16}},"25":{"start":{"line":47,"column":4},"end":{"line":50,"column":5}},"26":{"start":{"line":48,"column":6},"end":{"line":48,"column":40}},"27":{"start":{"line":49,"column":6},"end":{"line":49,"column":12}},"28":{"start":{"line":54,"column":4},"end":{"line":90,"column":5}},"29":{"start":{"line":55,"column":18},"end":{"line":57,"column":40}},"30":{"start":{"line":58,"column":21},"end":{"line":58,"column":49}},"31":{"start":{"line":60,"column":26},"end":{"line":68,"column":7}},"32":{"start":{"line":70,"column":23},"end":{"line":77,"column":8}},"33":{"start":{"line":79,"column":6},"end":{"line":87,"column":7}},"34":{"start":{"line":80,"column":8},"end":{"line":80,"column":27}},"35":{"start":{"line":81,"column":8},"end":{"line":81,"column":28}},"36":{"start":{"line":82,"column":8},"end":{"line":82,"column":19}},"37":{"start":{"line":83,"column":8},"end":{"line":83,"column":20}},"38":{"start":{"line":85,"column":26},"end":{"line":85,"column":47}},"39":{"start":{"line":86,"column":8},"end":{"line":86,"column":52}},"40":{"start":{"line":89,"column":6},"end":{"line":89,"column":40}},"41":{"start":{"line":93,"column":21},"end":{"line":103,"column":3}},"42":{"start":{"line":94,"column":4},"end":{"line":94,"column":24}},"43":{"start":{"line":95,"column":4},"end":{"line":100,"column":6}},"44":{"start":{"line":101,"column":4},"end":{"line":101,"column":16}},"45":{"start":{"line":102,"column":4},"end":{"line":102,"column":22}},"46":{"start":{"line":105,"column":23},"end":{"line":125,"column":3}},"47":{"start":{"line":106,"column":4},"end":{"line":124,"column":5}},"48":{"start":{"line":107,"column":6},"end":{"line":123,"column":7}},"49":{"start":{"line":108,"column":25},"end":{"line":113,"column":10}},"50":{"start":{"line":115,"column":8},"end":{"line":120,"column":9}},"51":{"start":{"line":116,"column":10},"end":{"line":116,"column":22}},"52":{"start":{"line":118,"column":28},"end":{"line":118,"column":49}},"53":{"start":{"line":119,"column":10},"end":{"line":119,"column":53}},"54":{"start":{"line":122,"column":8},"end":{"line":122,"column":39}},"55":{"start":{"line":127,"column":20},"end":{"line":135,"column":3}},"56":{"start":{"line":128,"column":4},"end":{"line":133,"column":6}},"57":{"start":{"line":134,"column":4},"end":{"line":134,"column":16}},"58":{"start":{"line":137,"column":24},"end":{"line":141,"column":3}},"59":{"start":{"line":138,"column":4},"end":{"line":138,"column":24}},"60":{"start":{"line":139,"column":4},"end":{"line":139,"column":15}},"61":{"start":{"line":140,"column":4},"end":{"line":140,"column":22}},"62":{"start":{"line":143,"column":2},"end":{"line":145,"column":3}},"63":{"start":{"line":144,"column":4},"end":{"line":144,"column":56}},"64":{"start":{"line":147,"column":2},"end":{"line":168,"column":3}}},"fnMap":{"0":{"name":"(anonymous_0)","decl":{"start":{"line":8,"column":23},"end":{"line":8,"column":24}},"loc":{"start":{"line":8,"column":29},"end":{"line":169,"column":1}},"line":8},"1":{"name":"(anonymous_1)","decl":{"start":{"line":17,"column":12},"end":{"line":17,"column":13}},"loc":{"start":{"line":17,"column":18},"end":{"line":19,"column":3}},"line":17},"2":{"name":"(anonymous_2)","decl":{"start":{"line":21,"column":21},"end":{"line":21,"column":22}},"loc":{"start":{"line":21,"column":33},"end":{"line":41,"column":3}},"line":21},"3":{"name":"(anonymous_3)","decl":{"start":{"line":43,"column":23},"end":{"line":43,"column":24}},"loc":{"start":{"line":43,"column":36},"end":{"line":91,"column":3}},"line":43},"4":{"name":"(anonymous_4)","decl":{"start":{"line":93,"column":21},"end":{"line":93,"column":22}},"loc":{"start":{"line":93,"column":31},"end":{"line":103,"column":3}},"line":93},"5":{"name":"(anonymous_5)","decl":{"start":{"line":105,"column":23},"end":{"line":105,"column":24}},"loc":{"start":{"line":105,"column":37},"end":{"line":125,"column":3}},"line":105},"6":{"name":"(anonymous_6)","decl":{"start":{"line":127,"column":20},"end":{"line":127,"column":21}},"loc":{"start":{"line":127,"column":26},"end":{"line":135,"column":3}},"line":127},"7":{"name":"(anonymous_7)","decl":{"start":{"line":137,"column":24},"end":{"line":137,"column":25}},"loc":{"start":{"line":137,"column":30},"end":{"line":141,"column":3}},"line":137}},"branchMap":{"0":{"loc":{"start":{"line":24,"column":6},"end":{"line":24,"column":57}},"type":"if","locations":[{"start":{"line":24,"column":6},"end":{"line":24,"column":57}},{"start":{},"end":{}}],"line":24},"1":{"loc":{"start":{"line":32,"column":6},"end":{"line":35,"column":7}},"type":"if","locations":[{"start":{"line":32,"column":6},"end":{"line":35,"column":7}},{"start":{},"end":{}}],"line":32},"2":{"loc":{"start":{"line":47,"column":4},"end":{"line":50,"column":5}},"type":"if","locations":[{"start":{"line":47,"column":4},"end":{"line":50,"column":5}},{"start":{},"end":{}}],"line":47},"3":{"loc":{"start":{"line":47,"column":8},"end":{"line":47,"column":70}},"type":"binary-expr","locations":[{"start":{"line":47,"column":8},"end":{"line":47,"column":20}},{"start":{"line":47,"column":24},"end":{"line":47,"column":70}}],"line":47},"4":{"loc":{"start":{"line":55,"column":18},"end":{"line":57,"column":40}},"type":"cond-expr","locations":[{"start":{"line":56,"column":8},"end":{"line":56,"column":58}},{"start":{"line":57,"column":8},"end":{"line":57,"column":40}}],"line":55},"5":{"loc":{"start":{"line":58,"column":21},"end":{"line":58,"column":49}},"type":"cond-expr","locations":[{"start":{"line":58,"column":35},"end":{"line":58,"column":40}},{"start":{"line":58,"column":43},"end":{"line":58,"column":49}}],"line":58},"6":{"loc":{"start":{"line":60,"column":26},"end":{"line":68,"column":7}},"type":"cond-expr","locations":[{"start":{"line":60,"column":40},"end":{"line":64,"column":7}},{"start":{"line":64,"column":10},"end":{"line":68,"column":7}}],"line":60},"7":{"loc":{"start":{"line":63,"column":21},"end":{"line":63,"column":46}},"type":"binary-expr","locations":[{"start":{"line":63,"column":21},"end":{"line":63,"column":38}},{"start":{"line":63,"column":42},"end":{"line":63,"column":46}}],"line":63},"8":{"loc":{"start":{"line":79,"column":6},"end":{"line":87,"column":7}},"type":"if","locations":[{"start":{"line":79,"column":6},"end":{"line":87,"column":7}},{"start":{"line":84,"column":13},"end":{"line":87,"column":7}}],"line":79},"9":{"loc":{"start":{"line":86,"column":17},"end":{"line":86,"column":51}},"type":"binary-expr","locations":[{"start":{"line":86,"column":17},"end":{"line":86,"column":26}},{"start":{"line":86,"column":30},"end":{"line":86,"column":51}}],"line":86},"10":{"loc":{"start":{"line":106,"column":4},"end":{"line":124,"column":5}},"type":"if","locations":[{"start":{"line":106,"column":4},"end":{"line":124,"column":5}},{"start":{},"end":{}}],"line":106},"11":{"loc":{"start":{"line":115,"column":8},"end":{"line":120,"column":9}},"type":"if","locations":[{"start":{"line":115,"column":8},"end":{"line":120,"column":9}},{"start":{"line":117,"column":15},"end":{"line":120,"column":9}}],"line":115},"12":{"loc":{"start":{"line":119,"column":16},"end":{"line":119,"column":52}},"type":"binary-expr","locations":[{"start":{"line":119,"column":16},"end":{"line":119,"column":25}},{"start":{"line":119,"column":29},"end":{"line":119,"column":52}}],"line":119},"13":{"loc":{"start":{"line":143,"column":2},"end":{"line":145,"column":3}},"type":"if","locations":[{"start":{"line":143,"column":2},"end":{"line":145,"column":3}},{"start":{},"end":{}}],"line":143}},"s":{"0":2,"1":2,"2":37,"3":37,"4":37,"5":37,"6":37,"7":37,"8":37,"9":37,"10":10,"11":37,"12":12,"13":12,"14":12,"15":1,"16":12,"17":12,"18":12,"19":12,"20":0,"21":12,"22":37,"23":3,"24":3,"25":3,"26":1,"27":1,"28":2,"29":2,"30":2,"31":2,"32":2,"33":2,"34":1,"35":1,"36":1,"37":1,"38":1,"39":0,"40":1,"41":37,"42":1,"43":1,"44":1,"45":1,"46":37,"47":1,"48":1,"49":1,"50":1,"51":1,"52":0,"53":0,"54":0,"55":37,"56":5,"57":5,"58":37,"59":4,"60":4,"61":4,"62":37,"63":9,"64":28},"f":{"0":37,"1":10,"2":12,"3":3,"4":1,"5":1,"6":5,"7":4},"b":{"0":[1,11],"1":[12,0],"2":[1,2],"3":[3,3],"4":[0,2],"5":[0,2],"6":[0,2],"7":[0,0],"8":[1,1],"9":[0,0],"10":[1,0],"11":[1,0],"12":[0,0],"13":[9,28]},"_coverageSchema":"1a1c01bbd47fc00a2c39e90264f33305004495a9","hash":"199f0dc9285f7bd8270e798043f3db02fba85873"}
,"/Users/okjinshinh/Desktop/test/again/frontend/etf/src/components/UserModal.jsx": {"path":"/Users/okjinshinh/Desktop/test/again/frontend/etf/src/components/UserModal.jsx","statementMap":{"0":{"start":{"line":1,"column":18},"end":{"line":50,"column":1}},"1":{"start":{"line":3,"column":2},"end":{"line":3,"column":29}},"2":{"start":{"line":3,"column":18},"end":{"line":3,"column":29}},"3":{"start":{"line":5,"column":2},"end":{"line":49,"column":3}},"4":{"start":{"line":14,"column":73},"end":{"line":14,"column":92}},"5":{"start":{"line":20,"column":119},"end":{"line":20,"column":171}},"6":{"start":{"line":24,"column":89},"end":{"line":24,"column":137}},"7":{"start":{"line":31,"column":123},"end":{"line":31,"column":175}},"8":{"start":{"line":35,"column":137},"end":{"line":35,"column":196}},"9":{"start":{"line":40,"column":83},"end":{"line":40,"column":102}}},"fnMap":{"0":{"name":"(anonymous_0)","decl":{"start":{"line":1,"column":18},"end":{"line":1,"column":19}},"loc":{"start":{"line":2,"column":6},"end":{"line":50,"column":1}},"line":2},"1":{"name":"(anonymous_1)","decl":{"start":{"line":14,"column":67},"end":{"line":14,"column":68}},"loc":{"start":{"line":14,"column":73},"end":{"line":14,"column":92}},"line":14},"2":{"name":"(anonymous_2)","decl":{"start":{"line":20,"column":112},"end":{"line":20,"column":113}},"loc":{"start":{"line":20,"column":119},"end":{"line":20,"column":171}},"line":20},"3":{"name":"(anonymous_3)","decl":{"start":{"line":24,"column":82},"end":{"line":24,"column":83}},"loc":{"start":{"line":24,"column":89},"end":{"line":24,"column":137}},"line":24},"4":{"name":"(anonymous_4)","decl":{"start":{"line":31,"column":116},"end":{"line":31,"column":117}},"loc":{"start":{"line":31,"column":123},"end":{"line":31,"column":175}},"line":31},"5":{"name":"(anonymous_5)","decl":{"start":{"line":35,"column":130},"end":{"line":35,"column":131}},"loc":{"start":{"line":35,"column":137},"end":{"line":35,"column":196}},"line":35},"6":{"name":"(anonymous_6)","decl":{"start":{"line":40,"column":77},"end":{"line":40,"column":78}},"loc":{"start":{"line":40,"column":83},"end":{"line":40,"column":102}},"line":40}},"branchMap":{"0":{"loc":{"start":{"line":3,"column":2},"end":{"line":3,"column":29}},"type":"if","locations":[{"start":{"line":3,"column":2},"end":{"line":3,"column":29}},{"start":{},"end":{}}],"line":3},"1":{"loc":{"start":{"line":12,"column":17},"end":{"line":12,"column":59}},"type":"cond-expr","locations":[{"start":{"line":12,"column":31},"end":{"line":12,"column":42}},{"start":{"line":12,"column":45},"end":{"line":12,"column":59}}],"line":12},"2":{"loc":{"start":{"line":30,"column":68},"end":{"line":30,"column":139}},"type":"cond-expr","locations":[{"start":{"line":30,"column":82},"end":{"line":30,"column":126}},{"start":{"line":30,"column":129},"end":{"line":30,"column":139}}],"line":30},"3":{"loc":{"start":{"line":35,"column":208},"end":{"line":35,"column":248}},"type":"binary-expr","locations":[{"start":{"line":35,"column":208},"end":{"line":35,"column":220}},{"start":{"line":35,"column":224},"end":{"line":35,"column":248}}],"line":35},"4":{"loc":{"start":{"line":37,"column":17},"end":{"line":37,"column":75}},"type":"binary-expr","locations":[{"start":{"line":37,"column":17},"end":{"line":37,"column":22}},{"start":{"line":37,"column":26},"end":{"line":37,"column":75}}],"line":37},"5":{"loc":{"start":{"line":41,"column":67},"end":{"line":41,"column":100}},"type":"cond-expr","locations":[{"start":{"line":41,"column":81},"end":{"line":41,"column":89}},{"start":{"line":41,"column":92},"end":{"line":41,"column":100}}],"line":41}},"s":{"0":3,"1":45,"2":11,"3":34,"4":1,"5":4,"6":1,"7":4,"8":4,"9":1},"f":{"0":45,"1":1,"2":4,"3":1,"4":4,"5":4,"6":1},"b":{"0":[11,34],"1":[6,28],"2":[6,28],"3":[34,6],"4":[34,3],"5":[6,28]},"_coverageSchema":"1a1c01bbd47fc00a2c39e90264f33305004495a9","hash":"4b32e4afa6c88354c8bd20fd22f30008bfd3db5e"}
,"/Users/okjinshinh/Desktop/test/again/frontend/etf/src/components/UserProfile.jsx": {"path":"/Users/okjinshinh/Desktop/test/again/frontend/etf/src/components/UserProfile.jsx","statementMap":{"0":{"start":{"line":4,"column":21},"end":{"line":4,"column":44}},"1":{"start":{"line":6,"column":20},"end":{"line":117,"column":1}},"2":{"start":{"line":7,"column":52},"end":{"line":7,"column":67}},"3":{"start":{"line":8,"column":42},"end":{"line":8,"column":111}},"4":{"start":{"line":9,"column":32},"end":{"line":9,"column":47}},"5":{"start":{"line":10,"column":28},"end":{"line":10,"column":40}},"6":{"start":{"line":11,"column":32},"end":{"line":11,"column":44}},"7":{"start":{"line":13,"column":31},"end":{"line":51,"column":3}},"8":{"start":{"line":14,"column":4},"end":{"line":14,"column":22}},"9":{"start":{"line":15,"column":4},"end":{"line":15,"column":20}},"10":{"start":{"line":16,"column":4},"end":{"line":16,"column":16}},"11":{"start":{"line":17,"column":4},"end":{"line":17,"column":18}},"12":{"start":{"line":19,"column":4},"end":{"line":23,"column":5}},"13":{"start":{"line":20,"column":6},"end":{"line":20,"column":44}},"14":{"start":{"line":21,"column":6},"end":{"line":21,"column":23}},"15":{"start":{"line":22,"column":6},"end":{"line":22,"column":12}},"16":{"start":{"line":25,"column":4},"end":{"line":50,"column":5}},"17":{"start":{"line":26,"column":23},"end":{"line":36,"column":8}},"18":{"start":{"line":38,"column":6},"end":{"line":45,"column":7}},"19":{"start":{"line":39,"column":8},"end":{"line":39,"column":51}},"20":{"start":{"line":40,"column":8},"end":{"line":40,"column":86}},"21":{"start":{"line":41,"column":8},"end":{"line":41,"column":35}},"22":{"start":{"line":43,"column":26},"end":{"line":43,"column":47}},"23":{"start":{"line":44,"column":8},"end":{"line":44,"column":58}},"24":{"start":{"line":47,"column":6},"end":{"line":47,"column":40}},"25":{"start":{"line":49,"column":6},"end":{"line":49,"column":23}},"26":{"start":{"line":53,"column":28},"end":{"line":57,"column":3}},"27":{"start":{"line":54,"column":4},"end":{"line":54,"column":82}},"28":{"start":{"line":55,"column":4},"end":{"line":55,"column":16}},"29":{"start":{"line":56,"column":4},"end":{"line":56,"column":18}},"30":{"start":{"line":59,"column":2},"end":{"line":116,"column":3}},"31":{"start":{"line":72,"column":14},"end":{"line":72,"column":33}},"32":{"start":{"line":73,"column":14},"end":{"line":73,"column":40}},"33":{"start":{"line":87,"column":75},"end":{"line":87,"column":102}},"34":{"start":{"line":93,"column":143},"end":{"line":93,"column":210}},"35":{"start":{"line":97,"column":135},"end":{"line":97,"column":198}},"36":{"start":{"line":101,"column":143},"end":{"line":101,"column":210}},"37":{"start":{"line":106,"column":85},"end":{"line":106,"column":112}}},"fnMap":{"0":{"name":"(anonymous_0)","decl":{"start":{"line":6,"column":20},"end":{"line":6,"column":21}},"loc":{"start":{"line":6,"column":34},"end":{"line":117,"column":1}},"line":6},"1":{"name":"(anonymous_1)","decl":{"start":{"line":13,"column":31},"end":{"line":13,"column":32}},"loc":{"start":{"line":13,"column":44},"end":{"line":51,"column":3}},"line":13},"2":{"name":"(anonymous_2)","decl":{"start":{"line":53,"column":28},"end":{"line":53,"column":29}},"loc":{"start":{"line":53,"column":34},"end":{"line":57,"column":3}},"line":53},"3":{"name":"(anonymous_3)","decl":{"start":{"line":71,"column":55},"end":{"line":71,"column":56}},"loc":{"start":{"line":71,"column":61},"end":{"line":74,"column":13}},"line":71},"4":{"name":"(anonymous_4)","decl":{"start":{"line":87,"column":69},"end":{"line":87,"column":70}},"loc":{"start":{"line":87,"column":75},"end":{"line":87,"column":102}},"line":87},"5":{"name":"(anonymous_5)","decl":{"start":{"line":93,"column":136},"end":{"line":93,"column":137}},"loc":{"start":{"line":93,"column":143},"end":{"line":93,"column":210}},"line":93},"6":{"name":"(anonymous_6)","decl":{"start":{"line":97,"column":128},"end":{"line":97,"column":129}},"loc":{"start":{"line":97,"column":135},"end":{"line":97,"column":198}},"line":97},"7":{"name":"(anonymous_7)","decl":{"start":{"line":101,"column":136},"end":{"line":101,"column":137}},"loc":{"start":{"line":101,"column":143},"end":{"line":101,"column":210}},"line":101},"8":{"name":"(anonymous_8)","decl":{"start":{"line":106,"column":79},"end":{"line":106,"column":80}},"loc":{"start":{"line":106,"column":85},"end":{"line":106,"column":112}},"line":106}},"branchMap":{"0":{"loc":{"start":{"line":19,"column":4},"end":{"line":23,"column":5}},"type":"if","locations":[{"start":{"line":19,"column":4},"end":{"line":23,"column":5}},{"start":{},"end":{}}],"line":19},"1":{"loc":{"start":{"line":38,"column":6},"end":{"line":45,"column":7}},"type":"if","locations":[{"start":{"line":38,"column":6},"end":{"line":45,"column":7}},{"start":{"line":42,"column":13},"end":{"line":45,"column":7}}],"line":38},"2":{"loc":{"start":{"line":44,"column":17},"end":{"line":44,"column":57}},"type":"binary-expr","locations":[{"start":{"line":44,"column":17},"end":{"line":44,"column":26}},{"start":{"line":44,"column":30},"end":{"line":44,"column":57}}],"line":44},"3":{"loc":{"start":{"line":63,"column":7},"end":{"line":63,"column":70}},"type":"binary-expr","locations":[{"start":{"line":63,"column":7},"end":{"line":63,"column":14}},{"start":{"line":63,"column":18},"end":{"line":63,"column":70}}],"line":63},"4":{"loc":{"start":{"line":81,"column":7},"end":{"line":113,"column":7}},"type":"binary-expr","locations":[{"start":{"line":81,"column":7},"end":{"line":81,"column":24}},{"start":{"line":82,"column":8},"end":{"line":112,"column":14}}],"line":81},"5":{"loc":{"start":{"line":103,"column":19},"end":{"line":103,"column":77}},"type":"binary-expr","locations":[{"start":{"line":103,"column":19},"end":{"line":103,"column":24}},{"start":{"line":103,"column":28},"end":{"line":103,"column":77}}],"line":103},"6":{"loc":{"start":{"line":107,"column":88},"end":{"line":107,"column":131}},"type":"cond-expr","locations":[{"start":{"line":107,"column":98},"end":{"line":107,"column":111}},{"start":{"line":107,"column":114},"end":{"line":107,"column":131}}],"line":107},"7":{"loc":{"start":{"line":114,"column":7},"end":{"line":114,"column":71}},"type":"binary-expr","locations":[{"start":{"line":114,"column":7},"end":{"line":114,"column":24}},{"start":{"line":114,"column":28},"end":{"line":114,"column":71}}],"line":114}},"s":{"0":2,"1":2,"2":23,"3":23,"4":23,"5":23,"6":23,"7":23,"8":3,"9":3,"10":3,"11":3,"12":3,"13":1,"14":1,"15":1,"16":2,"17":2,"18":2,"19":2,"20":2,"21":2,"22":0,"23":0,"24":0,"25":2,"26":23,"27":4,"28":4,"29":4,"30":23,"31":4,"32":4,"33":0,"34":3,"35":3,"36":3,"37":0},"f":{"0":23,"1":3,"2":4,"3":4,"4":0,"5":3,"6":3,"7":3,"8":0},"b":{"0":[1,2],"1":[2,0],"2":[0,0],"3":[23,2],"4":[23,16],"5":[16,1],"6":[2,14],"7":[23,16]},"_coverageSchema":"1a1c01bbd47fc00a2c39e90264f33305004495a9","hash":"9b357ec84484924a52c610b31b25e908acd84f9a"}
,"/Users/okjinshinh/Desktop/test/again/frontend/etf/src/components/UserTable.jsx": {"path":"/Users/okjinshinh/Desktop/test/again/frontend/etf/src/components/UserTable.jsx","statementMap":{"0":{"start":{"line":1,"column":18},"end":{"line":47,"column":1}},"1":{"start":{"line":3,"column":2},"end":{"line":46,"column":3}},"2":{"start":{"line":12,"column":120},"end":{"line":12,"column":149}},"3":{"start":{"line":28,"column":14},"end":{"line":40,"column":19}},"4":{"start":{"line":37,"column":89},"end":{"line":37,"column":105}},"5":{"start":{"line":38,"column":83},"end":{"line":38,"column":104}}},"fnMap":{"0":{"name":"(anonymous_0)","decl":{"start":{"line":1,"column":18},"end":{"line":1,"column":19}},"loc":{"start":{"line":2,"column":6},"end":{"line":47,"column":1}},"line":2},"1":{"name":"(anonymous_1)","decl":{"start":{"line":12,"column":113},"end":{"line":12,"column":114}},"loc":{"start":{"line":12,"column":120},"end":{"line":12,"column":149}},"line":12},"2":{"name":"(anonymous_2)","decl":{"start":{"line":27,"column":23},"end":{"line":27,"column":24}},"loc":{"start":{"line":28,"column":14},"end":{"line":40,"column":19}},"line":28},"3":{"name":"(anonymous_3)","decl":{"start":{"line":37,"column":83},"end":{"line":37,"column":84}},"loc":{"start":{"line":37,"column":89},"end":{"line":37,"column":105}},"line":37},"4":{"name":"(anonymous_4)","decl":{"start":{"line":38,"column":77},"end":{"line":38,"column":78}},"loc":{"start":{"line":38,"column":83},"end":{"line":38,"column":104}},"line":38}},"branchMap":{"0":{"loc":{"start":{"line":32,"column":44},"end":{"line":32,"column":94}},"type":"cond-expr","locations":[{"start":{"line":32,"column":68},"end":{"line":32,"column":79}},{"start":{"line":32,"column":82},"end":{"line":32,"column":94}}],"line":32}},"s":{"0":3,"1":40,"2":3,"3":79,"4":3,"5":3},"f":{"0":40,"1":3,"2":79,"3":3,"4":3},"b":{"0":[39,40]},"_coverageSchema":"1a1c01bbd47fc00a2c39e90264f33305004495a9","hash":"ae8f632e7b33ab54c63e6bc6898efa494da8649e"}
,"/Users/okjinshinh/Desktop/test/again/frontend/etf/src/utils/auth.js": {"path":"/Users/okjinshinh/Desktop/test/again/frontend/etf/src/utils/auth.js","statementMap":{"0":{"start":{"line":1,"column":18},"end":{"line":1,"column":29}},"1":{"start":{"line":2,"column":21},"end":{"line":2,"column":44}},"2":{"start":{"line":7,"column":27},"end":{"line":215,"column":1}},"3":{"start":{"line":9,"column":4},"end":{"line":9,"column":53}},"4":{"start":{"line":11,"column":4},"end":{"line":51,"column":5}},"5":{"start":{"line":12,"column":23},"end":{"line":18,"column":8}},"6":{"start":{"line":21,"column":6},"end":{"line":21,"column":61}},"7":{"start":{"line":22,"column":6},"end":{"line":22,"column":53}},"8":{"start":{"line":24,"column":6},"end":{"line":44,"column":7}},"9":{"start":{"line":25,"column":21},"end":{"line":25,"column":42}},"10":{"start":{"line":26,"column":8},"end":{"line":26,"column":62}},"11":{"start":{"line":29,"column":22},"end":{"line":29,"column":76}},"12":{"start":{"line":31,"column":8},"end":{"line":34,"column":9}},"13":{"start":{"line":32,"column":10},"end":{"line":32,"column":61}},"14":{"start":{"line":33,"column":10},"end":{"line":33,"column":59}},"15":{"start":{"line":37,"column":8},"end":{"line":37,"column":47}},"16":{"start":{"line":38,"column":8},"end":{"line":38,"column":49}},"17":{"start":{"line":39,"column":8},"end":{"line":39,"column":35}},"18":{"start":{"line":41,"column":26},"end":{"line":41,"column":47}},"19":{"start":{"line":42,"column":8},"end":{"line":42,"column":89}},"20":{"start":{"line":43,"column":8},"end":{"line":43,"column":56}},"21":{"start":{"line":46,"column":6},"end":{"line":46,"column":43}},"22":{"start":{"line":47,"column":6},"end":{"line":49,"column":7}},"23":{"start":{"line":48,"column":8},"end":{"line":48,"column":20}},"24":{"start":{"line":50,"column":6},"end":{"line":50,"column":54}},"25":{"start":{"line":55,"column":4},"end":{"line":55,"column":60}},"26":{"start":{"line":56,"column":4},"end":{"line":56,"column":73}},"27":{"start":{"line":58,"column":4},"end":{"line":102,"column":5}},"28":{"start":{"line":59,"column":26},"end":{"line":59,"column":64}},"29":{"start":{"line":60,"column":6},"end":{"line":60,"column":48}},"30":{"start":{"line":62,"column":23},"end":{"line":68,"column":8}},"31":{"start":{"line":70,"column":6},"end":{"line":70,"column":68}},"32":{"start":{"line":71,"column":6},"end":{"line":71,"column":60}},"33":{"start":{"line":73,"column":6},"end":{"line":95,"column":7}},"34":{"start":{"line":74,"column":29},"end":{"line":74,"column":50}},"35":{"start":{"line":75,"column":8},"end":{"line":75,"column":62}},"36":{"start":{"line":77,"column":8},"end":{"line":77,"column":61}},"37":{"start":{"line":78,"column":8},"end":{"line":78,"column":59}},"38":{"start":{"line":80,"column":26},"end":{"line":80,"column":47}},"39":{"start":{"line":81,"column":8},"end":{"line":81,"column":96}},"40":{"start":{"line":85,"column":8},"end":{"line":92,"column":9}},"41":{"start":{"line":86,"column":28},"end":{"line":86,"column":49}},"42":{"start":{"line":87,"column":10},"end":{"line":87,"column":60}},"43":{"start":{"line":88,"column":10},"end":{"line":88,"column":88}},"44":{"start":{"line":90,"column":10},"end":{"line":90,"column":70}},"45":{"start":{"line":91,"column":10},"end":{"line":91,"column":61}},"46":{"start":{"line":94,"column":8},"end":{"line":94,"column":39}},"47":{"start":{"line":97,"column":6},"end":{"line":97,"column":50}},"48":{"start":{"line":98,"column":6},"end":{"line":100,"column":7}},"49":{"start":{"line":99,"column":8},"end":{"line":99,"column":20}},"50":{"start":{"line":101,"column":6},"end":{"line":101,"column":61}},"51":{"start":{"line":106,"column":4},"end":{"line":106,"column":34}},"52":{"start":{"line":108,"column":4},"end":{"line":118,"column":5}},"53":{"start":{"line":109,"column":6},"end":{"line":114,"column":9}},"54":{"start":{"line":115,"column":6},"end":{"line":115,"column":41}},"55":{"start":{"line":117,"column":6},"end":{"line":117,"column":86}},"56":{"start":{"line":121,"column":4},"end":{"line":121,"column":39}},"57":{"start":{"line":122,"column":4},"end":{"line":122,"column":41}},"58":{"start":{"line":126,"column":4},"end":{"line":126,"column":41}},"59":{"start":{"line":128,"column":4},"end":{"line":146,"column":5}},"60":{"start":{"line":129,"column":23},"end":{"line":134,"column":8}},"61":{"start":{"line":136,"column":6},"end":{"line":143,"column":7}},"62":{"start":{"line":137,"column":21},"end":{"line":137,"column":42}},"63":{"start":{"line":138,"column":8},"end":{"line":138,"column":52}},"64":{"start":{"line":139,"column":8},"end":{"line":139,"column":52}},"65":{"start":{"line":140,"column":8},"end":{"line":140,"column":26}},"66":{"start":{"line":142,"column":8},"end":{"line":142,"column":62}},"67":{"start":{"line":145,"column":6},"end":{"line":145,"column":51}},"68":{"start":{"line":147,"column":4},"end":{"line":147,"column":16}},"69":{"start":{"line":151,"column":4},"end":{"line":151,"column":43}},"70":{"start":{"line":155,"column":18},"end":{"line":155,"column":49}},"71":{"start":{"line":156,"column":4},"end":{"line":156,"column":29}},"72":{"start":{"line":156,"column":16},"end":{"line":156,"column":29}},"73":{"start":{"line":158,"column":4},"end":{"line":172,"column":5}},"74":{"start":{"line":159,"column":22},"end":{"line":159,"column":59}},"75":{"start":{"line":160,"column":22},"end":{"line":160,"column":53}},"76":{"start":{"line":162,"column":6},"end":{"line":165,"column":7}},"77":{"start":{"line":163,"column":8},"end":{"line":163,"column":60}},"78":{"start":{"line":164,"column":8},"end":{"line":164,"column":43}},"79":{"start":{"line":167,"column":6},"end":{"line":167,"column":21}},"80":{"start":{"line":169,"column":6},"end":{"line":169,"column":54}},"81":{"start":{"line":170,"column":6},"end":{"line":170,"column":41}},"82":{"start":{"line":171,"column":6},"end":{"line":171,"column":19}},"83":{"start":{"line":176,"column":18},"end":{"line":176,"column":49}},"84":{"start":{"line":177,"column":4},"end":{"line":177,"column":64}},"85":{"start":{"line":178,"column":4},"end":{"line":180,"column":5}},"86":{"start":{"line":179,"column":6},"end":{"line":179,"column":68}},"87":{"start":{"line":181,"column":4},"end":{"line":181,"column":61}},"88":{"start":{"line":186,"column":4},"end":{"line":212,"column":5}},"89":{"start":{"line":187,"column":23},"end":{"line":191,"column":8}},"90":{"start":{"line":193,"column":6},"end":{"line":209,"column":7}},"91":{"start":{"line":194,"column":8},"end":{"line":194,"column":37}},"92":{"start":{"line":195,"column":13},"end":{"line":209,"column":7}},"93":{"start":{"line":196,"column":25},"end":{"line":196,"column":50}},"94":{"start":{"line":197,"column":8},"end":{"line":207,"column":9}},"95":{"start":{"line":199,"column":32},"end":{"line":203,"column":12}},"96":{"start":{"line":204,"column":10},"end":{"line":206,"column":11}},"97":{"start":{"line":205,"column":12},"end":{"line":205,"column":46}},"98":{"start":{"line":208,"column":8},"end":{"line":208,"column":22}},"99":{"start":{"line":211,"column":6},"end":{"line":211,"column":54}},"100":{"start":{"line":213,"column":4},"end":{"line":213,"column":16}}},"fnMap":{"0":{"name":"(anonymous_0)","decl":{"start":{"line":8,"column":9},"end":{"line":8,"column":10}},"loc":{"start":{"line":8,"column":39},"end":{"line":52,"column":3}},"line":8},"1":{"name":"(anonymous_1)","decl":{"start":{"line":54,"column":12},"end":{"line":54,"column":13}},"loc":{"start":{"line":54,"column":42},"end":{"line":103,"column":3}},"line":54},"2":{"name":"(anonymous_2)","decl":{"start":{"line":105,"column":10},"end":{"line":105,"column":11}},"loc":{"start":{"line":105,"column":22},"end":{"line":123,"column":3}},"line":105},"3":{"name":"(anonymous_3)","decl":{"start":{"line":125,"column":16},"end":{"line":125,"column":17}},"loc":{"start":{"line":125,"column":28},"end":{"line":148,"column":3}},"line":125},"4":{"name":"(anonymous_4)","decl":{"start":{"line":150,"column":12},"end":{"line":150,"column":13}},"loc":{"start":{"line":150,"column":18},"end":{"line":152,"column":3}},"line":150},"5":{"name":"(anonymous_5)","decl":{"start":{"line":154,"column":19},"end":{"line":154,"column":20}},"loc":{"start":{"line":154,"column":25},"end":{"line":173,"column":3}},"line":154},"6":{"name":"(anonymous_6)","decl":{"start":{"line":175,"column":18},"end":{"line":175,"column":19}},"loc":{"start":{"line":175,"column":24},"end":{"line":182,"column":3}},"line":175},"7":{"name":"(anonymous_7)","decl":{"start":{"line":185,"column":18},"end":{"line":185,"column":19}},"loc":{"start":{"line":185,"column":30},"end":{"line":214,"column":3}},"line":185}},"branchMap":{"0":{"loc":{"start":{"line":24,"column":6},"end":{"line":44,"column":7}},"type":"if","locations":[{"start":{"line":24,"column":6},"end":{"line":44,"column":7}},{"start":{"line":40,"column":13},"end":{"line":44,"column":7}}],"line":24},"1":{"loc":{"start":{"line":29,"column":22},"end":{"line":29,"column":76}},"type":"cond-expr","locations":[{"start":{"line":29,"column":41},"end":{"line":29,"column":63}},{"start":{"line":29,"column":66},"end":{"line":29,"column":76}}],"line":29},"2":{"loc":{"start":{"line":31,"column":8},"end":{"line":34,"column":9}},"type":"if","locations":[{"start":{"line":31,"column":8},"end":{"line":34,"column":9}},{"start":{},"end":{}}],"line":31},"3":{"loc":{"start":{"line":47,"column":6},"end":{"line":49,"column":7}},"type":"if","locations":[{"start":{"line":47,"column":6},"end":{"line":49,"column":7}},{"start":{},"end":{}}],"line":47},"4":{"loc":{"start":{"line":73,"column":6},"end":{"line":95,"column":7}},"type":"if","locations":[{"start":{"line":73,"column":6},"end":{"line":95,"column":7}},{"start":{"line":79,"column":13},"end":{"line":95,"column":7}}],"line":73},"5":{"loc":{"start":{"line":88,"column":26},"end":{"line":88,"column":87}},"type":"binary-expr","locations":[{"start":{"line":88,"column":26},"end":{"line":88,"column":43}},{"start":{"line":88,"column":47},"end":{"line":88,"column":62}},{"start":{"line":88,"column":66},"end":{"line":88,"column":87}}],"line":88},"6":{"loc":{"start":{"line":91,"column":26},"end":{"line":91,"column":60}},"type":"binary-expr","locations":[{"start":{"line":91,"column":26},"end":{"line":91,"column":35}},{"start":{"line":91,"column":39},"end":{"line":91,"column":60}}],"line":91},"7":{"loc":{"start":{"line":98,"column":6},"end":{"line":100,"column":7}},"type":"if","locations":[{"start":{"line":98,"column":6},"end":{"line":100,"column":7}},{"start":{},"end":{}}],"line":98},"8":{"loc":{"start":{"line":98,"column":10},"end":{"line":98,"column":87}},"type":"binary-expr","locations":[{"start":{"line":98,"column":10},"end":{"line":98,"column":49}},{"start":{"line":98,"column":53},"end":{"line":98,"column":87}}],"line":98},"9":{"loc":{"start":{"line":136,"column":6},"end":{"line":143,"column":7}},"type":"if","locations":[{"start":{"line":136,"column":6},"end":{"line":143,"column":7}},{"start":{"line":141,"column":13},"end":{"line":143,"column":7}}],"line":136},"10":{"loc":{"start":{"line":156,"column":4},"end":{"line":156,"column":29}},"type":"if","locations":[{"start":{"line":156,"column":4},"end":{"line":156,"column":29}},{"start":{},"end":{}}],"line":156},"11":{"loc":{"start":{"line":162,"column":6},"end":{"line":165,"column":7}},"type":"if","locations":[{"start":{"line":162,"column":6},"end":{"line":165,"column":7}},{"start":{},"end":{}}],"line":162},"12":{"loc":{"start":{"line":178,"column":4},"end":{"line":180,"column":5}},"type":"if","locations":[{"start":{"line":178,"column":4},"end":{"line":180,"column":5}},{"start":{},"end":{}}],"line":178},"13":{"loc":{"start":{"line":181,"column":11},"end":{"line":181,"column":60}},"type":"cond-expr","locations":[{"start":{"line":181,"column":19},"end":{"line":181,"column":55}},{"start":{"line":181,"column":58},"end":{"line":181,"column":60}}],"line":181},"14":{"loc":{"start":{"line":193,"column":6},"end":{"line":209,"column":7}},"type":"if","locations":[{"start":{"line":193,"column":6},"end":{"line":209,"column":7}},{"start":{"line":195,"column":13},"end":{"line":209,"column":7}}],"line":193},"15":{"loc":{"start":{"line":195,"column":13},"end":{"line":209,"column":7}},"type":"if","locations":[{"start":{"line":195,"column":13},"end":{"line":209,"column":7}},{"start":{},"end":{}}],"line":195},"16":{"loc":{"start":{"line":197,"column":8},"end":{"line":207,"column":9}},"type":"if","locations":[{"start":{"line":197,"column":8},"end":{"line":207,"column":9}},{"start":{},"end":{}}],"line":197},"17":{"loc":{"start":{"line":204,"column":10},"end":{"line":206,"column":11}},"type":"if","locations":[{"start":{"line":204,"column":10},"end":{"line":206,"column":11}},{"start":{},"end":{}}],"line":204}},"s":{"0":7,"1":7,"2":7,"3":3,"4":3,"5":3,"6":2,"7":2,"8":2,"9":1,"10":1,"11":1,"12":1,"13":0,"14":0,"15":1,"16":1,"17":1,"18":1,"19":1,"20":1,"21":2,"22":2,"23":1,"24":1,"25":0,"26":0,"27":0,"28":0,"29":0,"30":0,"31":0,"32":0,"33":0,"34":0,"35":0,"36":0,"37":0,"38":0,"39":0,"40":0,"41":0,"42":0,"43":0,"44":0,"45":0,"46":0,"47":0,"48":0,"49":0,"50":0,"51":0,"52":0,"53":0,"54":0,"55":0,"56":0,"57":0,"58":0,"59":0,"60":0,"61":0,"62":0,"63":0,"64":0,"65":0,"66":0,"67":0,"68":0,"69":0,"70":3,"71":3,"72":1,"73":2,"74":2,"75":2,"76":2,"77":1,"78":1,"79":2,"80":0,"81":0,"82":0,"83":28,"84":28,"85":28,"86":27,"87":28,"88":0,"89":0,"90":0,"91":0,"92":0,"93":0,"94":0,"95":0,"96":0,"97":0,"98":0,"99":0,"100":0},"f":{"0":3,"1":0,"2":0,"3":0,"4":0,"5":3,"6":28,"7":0},"b":{"0":[1,1],"1":[1,0],"2":[0,1],"3":[1,1],"4":[0,0],"5":[0,0,0],"6":[0,0],"7":[0,0],"8":[0,0],"9":[0,0],"10":[1,2],"11":[1,1],"12":[27,1],"13":[27,1],"14":[0,0],"15":[0,0],"16":[0,0],"17":[0,0]},"_coverageSchema":"1a1c01bbd47fc00a2c39e90264f33305004495a9","hash":"3147fe4d08230c822a405a6752dc9dffbf8f17bb"}
}
