TN:
SF:src/App.jsx
FN:15,App
FN:20,(anonymous_1)
FN:24,(anonymous_2)
FN:64,(anonymous_3)
FN:87,(anonymous_4)
FNF:5
FNH:3
FNDA:4,App
FNDA:2,(anonymous_1)
FNDA:2,(anonymous_2)
FNDA:0,(anonymous_3)
FNDA:0,(anonymous_4)
DA:13,1
DA:16,4
DA:17,4
DA:20,4
DA:21,2
DA:24,4
DA:25,2
DA:26,0
DA:27,0
DA:33,0
DA:34,0
DA:35,0
DA:36,0
DA:38,0
DA:39,0
DA:41,0
DA:46,0
DA:47,0
DA:48,0
DA:50,0
DA:53,0
DA:57,0
DA:58,0
DA:61,2
DA:64,4
DA:65,0
DA:67,0
DA:68,0
DA:74,0
DA:75,0
DA:76,0
DA:77,0
DA:79,0
DA:82,0
DA:83,0
DA:87,4
DA:88,0
DA:89,0
DA:92,4
DA:93,2
DA:102,2
DA:103,2
DA:106,0
LF:43
LH:14
BRDA:25,0,0,0
BRDA:25,0,1,2
BRDA:33,1,0,0
BRDA:33,1,1,0
BRDA:36,2,0,0
BRDA:36,2,1,0
BRDA:39,3,0,0
BRDA:39,3,1,0
BRDA:46,4,0,0
BRDA:46,4,1,0
BRDA:74,5,0,0
BRDA:74,5,1,0
BRDA:92,6,0,2
BRDA:92,6,1,2
BRDA:102,7,0,2
BRDA:102,7,1,0
BRDA:117,8,0,0
BRDA:117,8,1,0
BRF:18
BRH:4
end_of_record
TN:
SF:src/components/EtfList.jsx
FN:6,(anonymous_0)
FN:15,(anonymous_1)
FN:25,(anonymous_2)
FN:57,(anonymous_3)
FN:90,(anonymous_4)
FN:102,(anonymous_5)
FN:125,(anonymous_6)
FN:135,(anonymous_7)
FN:139,(anonymous_8)
FNF:9
FNH:6
FNDA:18,(anonymous_0)
FNDA:9,(anonymous_1)
FNDA:9,(anonymous_2)
FNDA:0,(anonymous_3)
FNDA:0,(anonymous_4)
FNDA:0,(anonymous_5)
FNDA:1,(anonymous_6)
FNDA:17,(anonymous_7)
FNDA:1,(anonymous_8)
DA:6,2
DA:7,18
DA:8,18
DA:9,18
DA:10,18
DA:11,18
DA:12,18
DA:13,18
DA:15,18
DA:16,9
DA:25,18
DA:26,9
DA:27,9
DA:30,9
DA:31,9
DA:33,9
DA:39,8
DA:40,8
DA:41,8
DA:42,0
DA:43,0
DA:44,0
DA:47,1
DA:49,9
DA:57,18
DA:58,0
DA:59,0
DA:60,0
DA:61,0
DA:63,0
DA:75,0
DA:76,0
DA:77,0
DA:78,0
DA:79,0
DA:80,0
DA:81,0
DA:82,0
DA:85,0
DA:90,18
DA:91,0
DA:92,0
DA:99,0
DA:102,18
DA:103,0
DA:104,0
DA:105,0
DA:112,0
DA:113,0
DA:114,0
DA:115,0
DA:116,0
DA:119,0
DA:125,18
DA:126,1
DA:135,18
DA:136,17
DA:139,18
DA:140,1
DA:141,1
DA:142,1
DA:145,18
DA:146,8
DA:149,10
LF:64
LH:35
BRDA:30,0,0,1
BRDA:30,0,1,8
BRDA:31,1,0,9
BRDA:31,1,1,0
BRDA:39,2,0,8
BRDA:39,2,1,0
BRDA:42,3,0,0
BRDA:42,3,1,0
BRDA:60,4,0,0
BRDA:60,4,1,0
BRDA:61,5,0,0
BRDA:61,5,1,0
BRDA:75,6,0,0
BRDA:75,6,1,0
BRDA:80,7,0,0
BRDA:80,7,1,0
BRDA:103,8,0,0
BRDA:103,8,1,0
BRDA:112,9,0,0
BRDA:112,9,1,0
BRDA:114,10,0,0
BRDA:114,10,1,0
BRDA:136,11,0,17
BRDA:136,11,1,15
BRDA:145,12,0,8
BRDA:145,12,1,10
BRF:26
BRH:8
end_of_record
TN:
SF:src/components/EtfModal.jsx
FN:1,(anonymous_0)
FN:14,(anonymous_1)
FN:20,(anonymous_2)
FN:24,(anonymous_3)
FN:28,(anonymous_4)
FN:32,(anonymous_5)
FN:35,(anonymous_6)
FN:40,(anonymous_7)
FNF:8
FNH:4
FNDA:17,(anonymous_0)
FNDA:0,(anonymous_1)
FNDA:1,(anonymous_2)
FNDA:0,(anonymous_3)
FNDA:0,(anonymous_4)
FNDA:0,(anonymous_5)
FNDA:1,(anonymous_6)
FNDA:1,(anonymous_7)
DA:1,3
DA:3,17
DA:5,7
DA:14,0
DA:20,1
DA:24,0
DA:28,0
DA:32,0
DA:35,1
DA:40,1
LF:10
LH:6
BRDA:3,0,0,10
BRDA:3,0,1,7
BRDA:12,1,0,1
BRDA:12,1,1,6
BRDA:41,2,0,1
BRDA:41,2,1,6
BRF:6
BRH:6
end_of_record
TN:
SF:src/components/EtfTable.jsx
FN:1,(anonymous_0)
FN:12,(anonymous_1)
FN:15,(anonymous_2)
FN:35,(anonymous_3)
FN:49,(anonymous_4)
FN:50,(anonymous_5)
FNF:6
FNH:6
FNDA:18,(anonymous_0)
FNDA:2,(anonymous_1)
FNDA:1,(anonymous_2)
FNDA:33,(anonymous_3)
FNDA:1,(anonymous_4)
FNDA:1,(anonymous_5)
DA:1,3
DA:3,18
DA:12,2
DA:15,1
DA:36,33
DA:49,1
DA:50,1
LF:7
LH:7
BRDA:42,0,0,8
BRDA:42,0,1,25
BRDA:43,1,0,8
BRDA:43,1,1,25
BRDA:47,2,0,33
BRDA:47,2,1,10
BRF:6
BRH:6
end_of_record
TN:
SF:src/components/Login.jsx
FN:4,(anonymous_0)
FN:11,(anonymous_1)
FN:43,(anonymous_2)
FN:47,(anonymous_3)
FN:55,(anonymous_4)
FNF:5
FNH:5
FNDA:25,(anonymous_0)
FNDA:4,(anonymous_1)
FNDA:4,(anonymous_2)
FNDA:4,(anonymous_3)
FNDA:2,(anonymous_4)
DA:4,2
DA:5,25
DA:6,25
DA:7,25
DA:8,25
DA:9,25
DA:11,25
DA:12,4
DA:13,4
DA:14,4
DA:16,4
DA:18,4
DA:19,1
DA:21,3
DA:23,2
DA:25,1
DA:27,3
DA:31,25
DA:43,4
DA:47,4
DA:55,2
LF:21
LH:21
BRDA:18,0,0,1
BRDA:18,0,1,3
BRDA:25,1,0,0
BRDA:25,1,1,1
BRDA:38,2,0,6
BRDA:38,2,1,19
BRDA:49,3,0,25
BRDA:49,3,1,1
BRDA:51,4,0,4
BRDA:51,4,1,21
BRDA:51,5,0,1
BRDA:51,5,1,3
BRDA:51,6,0,5
BRDA:51,6,1,16
BRDA:56,7,0,6
BRDA:56,7,1,19
BRDA:59,8,0,25
BRDA:59,8,1,19
BRF:18
BRH:17
end_of_record
TN:
SF:src/components/Navbar.jsx
FN:3,(anonymous_0)
FN:6,(anonymous_1)
FNF:2
FNH:2
FNDA:4,(anonymous_0)
FNDA:1,(anonymous_1)
DA:3,2
DA:4,4
DA:6,4
DA:7,1
DA:10,4
LF:5
LH:5
BRDA:16,0,0,4
BRDA:16,0,1,0
BRDA:17,1,0,0
BRDA:17,1,1,4
BRDA:18,2,0,4
BRDA:18,2,1,1
BRDA:19,3,0,0
BRDA:19,3,1,1
BRDA:26,4,0,4
BRDA:26,4,1,1
BRF:10
BRH:7
end_of_record
TN:
SF:src/components/NotFound.jsx
FN:3,(anonymous_0)
FNF:1
FNH:1
FNDA:3,(anonymous_0)
DA:3,2
DA:4,3
LF:2
LH:2
BRF:0
BRH:0
end_of_record
TN:
SF:src/components/PortfolioDetail.jsx
FN:5,(anonymous_0)
FN:14,(anonymous_1)
FN:18,(anonymous_2)
FN:59,(anonymous_3)
FN:82,(anonymous_4)
FN:105,(anonymous_5)
FN:109,(anonymous_6)
FN:110,(anonymous_7)
FN:111,(anonymous_8)
FN:134,(anonymous_9)
FN:158,(anonymous_10)
FN:166,(anonymous_11)
FN:183,(anonymous_12)
FN:198,(anonymous_13)
FN:205,(anonymous_14)
FNF:15
FNH:14
FNDA:14,(anonymous_0)
FNDA:6,(anonymous_1)
FNDA:8,(anonymous_2)
FNDA:1,(anonymous_3)
FNDA:1,(anonymous_4)
FNDA:24,(anonymous_5)
FNDA:4,(anonymous_6)
FNDA:4,(anonymous_7)
FNDA:4,(anonymous_8)
FNDA:2,(anonymous_9)
FNDA:8,(anonymous_10)
FNDA:1,(anonymous_11)
FNDA:0,(anonymous_12)
FNDA:2,(anonymous_13)
FNDA:1,(anonymous_14)
DA:5,2
DA:6,14
DA:7,14
DA:8,14
DA:9,14
DA:10,14
DA:11,14
DA:12,14
DA:14,14
DA:15,6
DA:18,14
DA:19,8
DA:20,8
DA:25,8
DA:31,8
DA:32,8
DA:33,8
DA:34,0
DA:35,0
DA:36,0
DA:37,0
DA:38,0
DA:39,0
DA:40,0
DA:43,8
DA:44,8
DA:45,8
DA:48,8
DA:49,8
DA:50,8
DA:53,0
DA:55,8
DA:59,14
DA:60,1
DA:61,1
DA:68,1
DA:69,1
DA:70,1
DA:71,0
DA:72,0
DA:73,0
DA:74,0
DA:75,0
DA:78,0
DA:82,14
DA:83,1
DA:84,1
DA:85,1
DA:92,1
DA:93,1
DA:94,0
DA:95,0
DA:96,0
DA:99,0
DA:105,14
DA:106,24
DA:109,14
DA:110,4
DA:111,4
DA:114,14
DA:115,6
DA:118,8
DA:119,0
DA:122,8
DA:134,2
DA:159,8
DA:166,1
DA:183,0
DA:199,2
DA:205,1
LF:70
LH:50
BRDA:31,0,0,8
BRDA:31,0,1,0
BRDA:34,1,0,0
BRDA:34,1,1,0
BRDA:37,2,0,0
BRDA:37,2,1,0
BRDA:43,3,0,8
BRDA:43,3,1,0
BRDA:48,4,0,8
BRDA:48,4,1,0
BRDA:68,5,0,1
BRDA:68,5,1,0
BRDA:71,6,0,0
BRDA:71,6,1,0
BRDA:73,7,0,0
BRDA:73,7,1,0
BRDA:83,8,0,1
BRDA:83,8,1,0
BRDA:92,9,0,1
BRDA:92,9,1,0
BRDA:94,10,0,0
BRDA:94,10,1,0
BRDA:106,11,0,24
BRDA:106,11,1,24
BRDA:106,11,2,24
BRDA:114,12,0,6
BRDA:114,12,1,8
BRDA:118,13,0,0
BRDA:118,13,1,8
BRDA:127,14,0,8
BRDA:127,14,1,0
BRDA:128,15,0,8
BRDA:128,15,1,0
BRDA:133,16,0,8
BRDA:133,16,1,8
BRDA:141,17,0,0
BRDA:141,17,1,8
BRDA:154,18,0,8
BRDA:154,18,1,8
BRDA:164,19,0,8
BRDA:164,19,1,8
BRDA:177,20,0,8
BRDA:177,20,1,2
BRDA:212,21,0,2
BRDA:212,21,1,0
BRDA:220,22,0,8
BRDA:220,22,1,2
BRF:47
BRH:26
end_of_record
TN:
SF:src/components/PortfolioGrid.jsx
FN:3,(anonymous_0)
FN:14,(anonymous_1)
FN:17,(anonymous_2)
FN:25,(anonymous_3)
FN:40,(anonymous_4)
FN:41,(anonymous_5)
FNF:6
FNH:4
FNDA:15,(anonymous_0)
FNDA:2,(anonymous_1)
FNDA:1,(anonymous_2)
FNDA:30,(anonymous_3)
FNDA:0,(anonymous_4)
FNDA:0,(anonymous_5)
DA:3,3
DA:5,15
DA:14,2
DA:17,1
DA:26,30
DA:40,0
DA:41,0
LF:7
LH:5
BRDA:31,0,0,15
BRDA:31,0,1,15
BRDA:32,1,0,15
BRDA:32,1,1,15
BRDA:38,2,0,30
BRDA:38,2,1,15
BRF:6
BRH:6
end_of_record
TN:
SF:src/components/PortfolioList.jsx
FN:6,(anonymous_0)
FN:15,(anonymous_1)
FN:19,(anonymous_2)
FN:45,(anonymous_3)
FN:74,(anonymous_4)
FN:83,(anonymous_5)
FN:105,(anonymous_6)
FN:112,(anonymous_7)
FN:116,(anonymous_8)
FNF:9
FNH:7
FNDA:13,(anonymous_0)
FNDA:6,(anonymous_1)
FNDA:7,(anonymous_2)
FNDA:1,(anonymous_3)
FNDA:0,(anonymous_4)
FNDA:0,(anonymous_5)
FNDA:3,(anonymous_6)
FNDA:16,(anonymous_7)
FNDA:2,(anonymous_8)
DA:6,2
DA:7,13
DA:8,13
DA:9,13
DA:10,13
DA:11,13
DA:12,13
DA:13,13
DA:15,13
DA:16,6
DA:19,13
DA:20,7
DA:21,7
DA:22,7
DA:23,7
DA:25,7
DA:31,6
DA:32,6
DA:33,6
DA:34,0
DA:35,0
DA:36,0
DA:39,0
DA:41,6
DA:45,13
DA:46,1
DA:47,1
DA:48,1
DA:49,1
DA:51,1
DA:60,1
DA:61,1
DA:62,1
DA:63,1
DA:64,1
DA:65,0
DA:66,0
DA:67,0
DA:70,0
DA:74,13
DA:75,0
DA:76,0
DA:80,0
DA:83,13
DA:84,0
DA:85,0
DA:86,0
DA:93,0
DA:94,0
DA:95,0
DA:96,0
DA:97,0
DA:100,0
DA:105,13
DA:106,3
DA:112,13
DA:113,16
DA:116,13
DA:117,2
DA:118,2
DA:119,2
DA:122,13
DA:123,5
DA:126,8
LF:64
LH:44
BRDA:22,0,0,1
BRDA:22,0,1,6
BRDA:23,1,0,7
BRDA:23,1,1,0
BRDA:31,2,0,6
BRDA:31,2,1,0
BRDA:34,3,0,0
BRDA:34,3,1,0
BRDA:48,4,0,0
BRDA:48,4,1,1
BRDA:49,5,0,0
BRDA:49,5,1,1
BRDA:60,6,0,1
BRDA:60,6,1,0
BRDA:65,7,0,0
BRDA:65,7,1,0
BRDA:84,8,0,0
BRDA:84,8,1,0
BRDA:93,9,0,0
BRDA:93,9,1,0
BRDA:95,10,0,0
BRDA:95,10,1,0
BRDA:113,11,0,16
BRDA:113,11,1,16
BRDA:122,12,0,5
BRDA:122,12,1,8
BRF:26
BRH:11
end_of_record
TN:
SF:src/components/PortfolioModal.jsx
FN:1,(anonymous_0)
FN:14,(anonymous_1)
FN:20,(anonymous_2)
FN:23,(anonymous_3)
FN:28,(anonymous_4)
FNF:5
FNH:5
FNDA:20,(anonymous_0)
FNDA:1,(anonymous_1)
FNDA:2,(anonymous_2)
FNDA:1,(anonymous_3)
FNDA:1,(anonymous_4)
DA:1,3
DA:3,20
DA:5,14
DA:14,1
DA:20,2
DA:23,1
DA:28,1
LF:7
LH:7
BRDA:3,0,0,6
BRDA:3,0,1,14
BRDA:12,1,0,1
BRDA:12,1,1,13
BRDA:29,2,0,1
BRDA:29,2,1,13
BRF:6
BRH:6
end_of_record
TN:
SF:src/components/UserManagement.jsx
FN:8,(anonymous_0)
FN:17,(anonymous_1)
FN:21,(anonymous_2)
FN:43,(anonymous_3)
FN:93,(anonymous_4)
FN:105,(anonymous_5)
FN:127,(anonymous_6)
FN:137,(anonymous_7)
FNF:8
FNH:8
FNDA:37,(anonymous_0)
FNDA:10,(anonymous_1)
FNDA:12,(anonymous_2)
FNDA:3,(anonymous_3)
FNDA:1,(anonymous_4)
FNDA:1,(anonymous_5)
FNDA:5,(anonymous_6)
FNDA:4,(anonymous_7)
DA:6,2
DA:8,2
DA:9,37
DA:10,37
DA:11,37
DA:12,37
DA:13,37
DA:14,37
DA:15,37
DA:17,37
DA:18,10
DA:21,37
DA:22,12
DA:23,12
DA:24,12
DA:26,12
DA:32,12
DA:33,12
DA:34,12
DA:37,0
DA:39,12
DA:43,37
DA:44,3
DA:45,3
DA:47,3
DA:48,1
DA:49,1
DA:54,2
DA:55,2
DA:58,2
DA:60,2
DA:70,2
DA:79,2
DA:80,1
DA:81,1
DA:82,1
DA:83,1
DA:85,1
DA:86,0
DA:89,1
DA:93,37
DA:94,1
DA:95,1
DA:101,1
DA:102,1
DA:105,37
DA:106,1
DA:107,1
DA:108,1
DA:115,1
DA:116,1
DA:118,0
DA:119,0
DA:122,0
DA:127,37
DA:128,5
DA:134,5
DA:137,37
DA:138,4
DA:139,4
DA:140,4
DA:143,37
DA:144,9
DA:147,28
LF:64
LH:59
BRDA:24,0,0,1
BRDA:24,0,1,11
BRDA:32,1,0,12
BRDA:32,1,1,0
BRDA:47,2,0,1
BRDA:47,2,1,2
BRDA:47,3,0,3
BRDA:47,3,1,3
BRDA:55,4,0,0
BRDA:55,4,1,2
BRDA:58,5,0,0
BRDA:58,5,1,2
BRDA:60,6,0,0
BRDA:60,6,1,2
BRDA:63,7,0,0
BRDA:63,7,1,0
BRDA:79,8,0,1
BRDA:79,8,1,1
BRDA:86,9,0,0
BRDA:86,9,1,0
BRDA:106,10,0,1
BRDA:106,10,1,0
BRDA:115,11,0,1
BRDA:115,11,1,0
BRDA:119,12,0,0
BRDA:119,12,1,0
BRDA:143,13,0,9
BRDA:143,13,1,28
BRF:28
BRH:16
end_of_record
TN:
SF:src/components/UserModal.jsx
FN:1,(anonymous_0)
FN:14,(anonymous_1)
FN:20,(anonymous_2)
FN:24,(anonymous_3)
FN:31,(anonymous_4)
FN:35,(anonymous_5)
FN:40,(anonymous_6)
FNF:7
FNH:7
FNDA:45,(anonymous_0)
FNDA:1,(anonymous_1)
FNDA:4,(anonymous_2)
FNDA:1,(anonymous_3)
FNDA:4,(anonymous_4)
FNDA:4,(anonymous_5)
FNDA:1,(anonymous_6)
DA:1,3
DA:3,45
DA:5,34
DA:14,1
DA:20,4
DA:24,1
DA:31,4
DA:35,4
DA:40,1
LF:9
LH:9
BRDA:3,0,0,11
BRDA:3,0,1,34
BRDA:12,1,0,6
BRDA:12,1,1,28
BRDA:30,2,0,6
BRDA:30,2,1,28
BRDA:35,3,0,34
BRDA:35,3,1,6
BRDA:37,4,0,34
BRDA:37,4,1,3
BRDA:41,5,0,6
BRDA:41,5,1,28
BRF:12
BRH:12
end_of_record
TN:
SF:src/components/UserProfile.jsx
FN:6,(anonymous_0)
FN:13,(anonymous_1)
FN:53,(anonymous_2)
FN:71,(anonymous_3)
FN:87,(anonymous_4)
FN:93,(anonymous_5)
FN:97,(anonymous_6)
FN:101,(anonymous_7)
FN:106,(anonymous_8)
FNF:9
FNH:7
FNDA:23,(anonymous_0)
FNDA:3,(anonymous_1)
FNDA:4,(anonymous_2)
FNDA:4,(anonymous_3)
FNDA:0,(anonymous_4)
FNDA:3,(anonymous_5)
FNDA:3,(anonymous_6)
FNDA:3,(anonymous_7)
FNDA:0,(anonymous_8)
DA:4,2
DA:6,2
DA:7,23
DA:8,23
DA:9,23
DA:10,23
DA:11,23
DA:13,23
DA:14,3
DA:15,3
DA:16,3
DA:17,3
DA:19,3
DA:20,1
DA:21,1
DA:22,1
DA:25,2
DA:26,2
DA:38,2
DA:39,2
DA:40,2
DA:41,2
DA:43,0
DA:44,0
DA:47,0
DA:49,2
DA:53,23
DA:54,4
DA:55,4
DA:56,4
DA:59,23
DA:72,4
DA:73,4
DA:87,0
DA:93,3
DA:97,3
DA:101,3
DA:106,0
LF:38
LH:33
BRDA:19,0,0,1
BRDA:19,0,1,2
BRDA:38,1,0,2
BRDA:38,1,1,0
BRDA:44,2,0,0
BRDA:44,2,1,0
BRDA:63,3,0,23
BRDA:63,3,1,2
BRDA:81,4,0,23
BRDA:81,4,1,16
BRDA:103,5,0,16
BRDA:103,5,1,1
BRDA:107,6,0,2
BRDA:107,6,1,14
BRDA:114,7,0,23
BRDA:114,7,1,16
BRF:16
BRH:13
end_of_record
TN:
SF:src/components/UserTable.jsx
FN:1,(anonymous_0)
FN:12,(anonymous_1)
FN:27,(anonymous_2)
FN:37,(anonymous_3)
FN:38,(anonymous_4)
FNF:5
FNH:5
FNDA:40,(anonymous_0)
FNDA:3,(anonymous_1)
FNDA:79,(anonymous_2)
FNDA:3,(anonymous_3)
FNDA:3,(anonymous_4)
DA:1,3
DA:3,40
DA:12,3
DA:28,79
DA:37,3
DA:38,3
LF:6
LH:6
BRDA:32,0,0,39
BRDA:32,0,1,40
BRF:2
BRH:2
end_of_record
TN:
SF:src/utils/auth.js
FN:8,(anonymous_0)
FN:54,(anonymous_1)
FN:105,(anonymous_2)
FN:125,(anonymous_3)
FN:150,(anonymous_4)
FN:154,(anonymous_5)
FN:175,(anonymous_6)
FN:185,(anonymous_7)
FNF:8
FNH:3
FNDA:3,(anonymous_0)
FNDA:0,(anonymous_1)
FNDA:0,(anonymous_2)
FNDA:0,(anonymous_3)
FNDA:0,(anonymous_4)
FNDA:3,(anonymous_5)
FNDA:28,(anonymous_6)
FNDA:0,(anonymous_7)
DA:1,7
DA:2,7
DA:7,7
DA:9,3
DA:11,3
DA:12,3
DA:21,2
DA:22,2
DA:24,2
DA:25,1
DA:26,1
DA:29,1
DA:31,1
DA:32,0
DA:33,0
DA:37,1
DA:38,1
DA:39,1
DA:41,1
DA:42,1
DA:43,1
DA:46,2
DA:47,2
DA:48,1
DA:50,1
DA:55,0
DA:56,0
DA:58,0
DA:59,0
DA:60,0
DA:62,0
DA:70,0
DA:71,0
DA:73,0
DA:74,0
DA:75,0
DA:77,0
DA:78,0
DA:80,0
DA:81,0
DA:85,0
DA:86,0
DA:87,0
DA:88,0
DA:90,0
DA:91,0
DA:94,0
DA:97,0
DA:98,0
DA:99,0
DA:101,0
DA:106,0
DA:108,0
DA:109,0
DA:115,0
DA:117,0
DA:121,0
DA:122,0
DA:126,0
DA:128,0
DA:129,0
DA:136,0
DA:137,0
DA:138,0
DA:139,0
DA:140,0
DA:142,0
DA:145,0
DA:147,0
DA:151,0
DA:155,3
DA:156,3
DA:158,2
DA:159,2
DA:160,2
DA:162,2
DA:163,1
DA:164,1
DA:167,2
DA:169,0
DA:170,0
DA:171,0
DA:176,28
DA:177,28
DA:178,28
DA:179,27
DA:181,28
DA:186,0
DA:187,0
DA:193,0
DA:194,0
DA:195,0
DA:196,0
DA:197,0
DA:199,0
DA:204,0
DA:205,0
DA:208,0
DA:211,0
DA:213,0
LF:100
LH:37
BRDA:24,0,0,1
BRDA:24,0,1,1
BRDA:29,1,0,1
BRDA:29,1,1,0
BRDA:31,2,0,0
BRDA:31,2,1,1
BRDA:47,3,0,1
BRDA:47,3,1,1
BRDA:73,4,0,0
BRDA:73,4,1,0
BRDA:88,5,0,0
BRDA:88,5,1,0
BRDA:88,5,2,0
BRDA:91,6,0,0
BRDA:91,6,1,0
BRDA:98,7,0,0
BRDA:98,7,1,0
BRDA:98,8,0,0
BRDA:98,8,1,0
BRDA:136,9,0,0
BRDA:136,9,1,0
BRDA:156,10,0,1
BRDA:156,10,1,2
BRDA:162,11,0,1
BRDA:162,11,1,1
BRDA:178,12,0,27
BRDA:178,12,1,1
BRDA:181,13,0,27
BRDA:181,13,1,1
BRDA:193,14,0,0
BRDA:193,14,1,0
BRDA:195,15,0,0
BRDA:195,15,1,0
BRDA:197,16,0,0
BRDA:197,16,1,0
BRDA:204,17,0,0
BRDA:204,17,1,0
BRF:37
BRH:14
end_of_record
